2025-07-18 09:13:58,364 - INFO - 🚀 Starting product sync from Airtable to WooCommerce...
2025-07-18 09:13:58,364 - INFO - Fetching all products/brands from WooCommerce...
2025-07-18 09:14:02,257 - INFO - Fetched 1 items from products/brands.
2025-07-18 09:14:02,259 - INFO - Cached 1 brands.
2025-07-18 09:14:02,259 - INFO - Fetching all products/tags from WooCommerce...
2025-07-18 09:14:54,970 - INFO - Fetched 2474 items from products/tags.
2025-07-18 09:14:54,989 - INFO - Cached 2474 tags.
2025-07-18 09:14:54,990 - INFO - Fetching all products/categories from WooCommerce...
2025-07-18 09:15:05,006 - INFO - Fetched 330 items from products/categories.
2025-07-18 09:15:05,007 - INFO - Fetching products from Airtable...
2025-07-18 09:15:05,824 - INFO - Found 61 products to sync.
2025-07-18 09:15:05,825 - INFO - [1/61] -------------------------
2025-07-18 09:15:05,825 - INFO - Processing: Unique Appliances Off-Grid 24-inch 6 cu. ft. Propane Top Freezer Counter Depth Refrigerator with (SKU: P00003)
2025-07-18 09:15:05,835 - INFO - --- Starting Image Processing ---
2025-07-18 09:15:05,836 - INFO - Found 2 file(s) in 'Photo Files'.
2025-07-18 09:15:11,567 - INFO - ✅ Uploaded image 'unique-appliances-off-grid-24-inch-6-cu-ft.webp' (ID: 45293)
2025-07-18 09:15:12,569 - INFO - Updating SEO metadata for media ID: 45293...
2025-07-18 09:15:14,518 - INFO - ✅ Successfully updated SEO metadata for image 45293.
2025-07-18 09:15:18,932 - INFO - ✅ Uploaded image 'unique-appliances-off-grid-24-inch-6-cu-ft-2.webp' (ID: 45294)
2025-07-18 09:15:19,933 - INFO - Updating SEO metadata for media ID: 45294...
2025-07-18 09:15:22,310 - INFO - ✅ Successfully updated SEO metadata for image 45294.
2025-07-18 09:15:22,813 - INFO - --- Finished Image Processing. Uploaded 2 images. ---
2025-07-18 09:15:24,458 - INFO - Creating new product...
2025-07-18 09:15:27,328 - ERROR - ❌ HTTP Error for SKU P00003: 400 - {"code":"woocommerce_rest_product_not_created","message":"The product with SKU (P00003) you are trying to insert is already present in the lookup table","data":{"status":400}}
2025-07-18 09:15:27,329 - INFO - [2/61] -------------------------
2025-07-18 09:15:27,330 - INFO - Processing: Baxton Studio Landis Dresser in Ash Walnut and Gold (SKU: P00004)
2025-07-18 09:15:27,333 - INFO - --- Starting Image Processing ---
2025-07-18 09:15:27,333 - INFO - Found 3 file(s) in 'Photo Files'.
2025-07-18 09:15:31,887 - INFO - ✅ Uploaded image 'baxton-studio-landis-dresser-in-ash-walnut-and.webp' (ID: 45296)
2025-07-18 09:15:32,889 - INFO - Updating SEO metadata for media ID: 45296...
2025-07-18 09:15:35,053 - INFO - ✅ Successfully updated SEO metadata for image 45296.
2025-07-18 09:15:39,360 - INFO - ✅ Uploaded image 'baxton-studio-landis-dresser-in-ash-walnut-and-2.webp' (ID: 45297)
2025-07-18 09:15:40,361 - INFO - Updating SEO metadata for media ID: 45297...
2025-07-18 09:15:42,525 - INFO - ✅ Successfully updated SEO metadata for image 45297.
2025-07-18 09:15:46,683 - INFO - ✅ Uploaded image 'baxton-studio-landis-dresser-in-ash-walnut-and-3.webp' (ID: 45298)
2025-07-18 09:15:47,684 - INFO - Updating SEO metadata for media ID: 45298...
2025-07-18 09:15:49,692 - INFO - ✅ Successfully updated SEO metadata for image 45298.
2025-07-18 09:15:50,195 - INFO - --- Finished Image Processing. Uploaded 3 images. ---
