2025-07-30 19:25:00,833 - __main__ - INFO - === Enhanced Amazon Scraper for Airtable ===
2025-07-30 19:25:00,837 - __main__ - INFO - Query formula: AND({Status}="Entered", {Scraping Status}="")
2025-07-30 19:25:01,734 - __main__ - INFO - Enhanced scraper initialized - Concurrent: True, Workers: 3
2025-07-30 19:25:01,735 - __main__ - INFO - 
--- Processing Record 1/58 ---
2025-07-30 19:25:01,735 - __main__ - INFO - Record ID: rec1ijWseXkCjWlbt
2025-07-30 19:25:01,735 - __main__ - INFO - URL: None
2025-07-30 19:25:02,143 - __main__ - INFO - 
--- Processing Record 2/58 ---
2025-07-30 19:25:02,144 - __main__ - INFO - Record ID: recTpl0oR3fwbmsYc
2025-07-30 19:25:02,146 - __main__ - INFO - URL: None
2025-07-30 19:25:02,449 - __main__ - INFO - 
--- Processing Record 3/58 ---
2025-07-30 19:25:02,450 - __main__ - INFO - Record ID: recpAhN6EPfB0lHFA
2025-07-30 19:25:02,450 - __main__ - INFO - URL: None
2025-07-30 19:25:02,758 - __main__ - INFO - 
--- Processing Record 4/58 ---
2025-07-30 19:25:02,759 - __main__ - INFO - Record ID: recNn5WeewrlnalTF
2025-07-30 19:25:02,760 - __main__ - INFO - URL: None
2025-07-30 19:25:03,071 - __main__ - INFO - 
--- Processing Record 5/58 ---
2025-07-30 19:25:03,071 - __main__ - INFO - Record ID: recPgVbHd6vYG6mjL
2025-07-30 19:25:03,072 - __main__ - INFO - URL: None
2025-07-30 19:25:03,311 - __main__ - INFO - 
--- Processing Record 6/58 ---
2025-07-30 19:25:03,312 - __main__ - INFO - Record ID: reciL8OWnAtscRwRh
2025-07-30 19:25:03,312 - __main__ - INFO - URL: None
2025-07-30 19:25:03,689 - __main__ - INFO - 
--- Processing Record 7/58 ---
2025-07-30 19:25:03,689 - __main__ - INFO - Record ID: rec2kKJBB5Ngfv9G3
2025-07-30 19:25:03,689 - __main__ - INFO - URL: None
2025-07-30 19:25:03,968 - __main__ - INFO - 
--- Processing Record 8/58 ---
2025-07-30 19:25:03,968 - __main__ - INFO - Record ID: rec8D9H4ZOfeLkmBT
2025-07-30 19:25:03,969 - __main__ - INFO - URL: None
2025-07-30 19:25:04,234 - __main__ - INFO - 
--- Processing Record 9/58 ---
2025-07-30 19:25:04,235 - __main__ - INFO - Record ID: rectjEqJeNPxpNbbI
2025-07-30 19:25:04,235 - __main__ - INFO - URL: None
2025-07-30 19:25:04,498 - __main__ - INFO - 
--- Processing Record 10/58 ---
2025-07-30 19:25:04,499 - __main__ - INFO - Record ID: recUKC9BLrj37BVbK
2025-07-30 19:25:04,499 - __main__ - INFO - URL: None
2025-07-30 19:25:04,799 - __main__ - INFO - 
--- Processing Record 11/58 ---
2025-07-30 19:25:04,800 - __main__ - INFO - Record ID: recUBkRBDHtVDBQPN
2025-07-30 19:25:04,800 - __main__ - INFO - URL: None
2025-07-30 19:25:05,070 - __main__ - INFO - 
--- Processing Record 12/58 ---
2025-07-30 19:25:05,070 - __main__ - INFO - Record ID: recMkHEdAUDVzDzZW
2025-07-30 19:25:05,071 - __main__ - INFO - URL: None
2025-07-30 19:25:05,420 - __main__ - INFO - 
--- Processing Record 13/58 ---
2025-07-30 19:25:05,421 - __main__ - INFO - Record ID: rec5HMLwwlITt1nse
2025-07-30 19:25:05,421 - __main__ - INFO - URL: None
2025-07-30 19:25:05,728 - __main__ - INFO - 
--- Processing Record 14/58 ---
2025-07-30 19:25:05,729 - __main__ - INFO - Record ID: recm4nVv3XYfJbNMT
2025-07-30 19:25:05,729 - __main__ - INFO - URL: None
2025-07-30 19:25:05,979 - __main__ - INFO - 
--- Processing Record 15/58 ---
2025-07-30 19:25:05,979 - __main__ - INFO - Record ID: recp96WC72xaj0CrP
2025-07-30 19:25:05,980 - __main__ - INFO - URL: None
2025-07-30 19:25:06,289 - __main__ - INFO - 
--- Processing Record 16/58 ---
2025-07-30 19:25:06,290 - __main__ - INFO - Record ID: recl92aoywHG51w7t
2025-07-30 19:25:06,290 - __main__ - INFO - URL: None
2025-07-30 19:25:06,580 - __main__ - INFO - 
--- Processing Record 17/58 ---
2025-07-30 19:25:06,581 - __main__ - INFO - Record ID: recj9CixwOaZmNP1U
2025-07-30 19:25:06,582 - __main__ - INFO - URL: None
2025-07-30 19:25:07,060 - __main__ - INFO - 
--- Processing Record 18/58 ---
2025-07-30 19:25:07,061 - __main__ - INFO - Record ID: recvI9tFgCm21reTQ
2025-07-30 19:25:07,061 - __main__ - INFO - URL: None
2025-07-30 19:25:07,469 - __main__ - INFO - 
--- Processing Record 19/58 ---
2025-07-30 19:25:07,469 - __main__ - INFO - Record ID: rec20H79jJcExyxYQ
2025-07-30 19:25:07,470 - __main__ - INFO - URL: None
2025-07-30 19:25:07,850 - __main__ - INFO - 
--- Processing Record 20/58 ---
2025-07-30 19:25:07,850 - __main__ - INFO - Record ID: rec6l5UbBxNFhdY9C
2025-07-30 19:25:07,850 - __main__ - INFO - URL: None
2025-07-30 19:25:08,101 - __main__ - INFO - 
--- Processing Record 21/58 ---
2025-07-30 19:25:08,102 - __main__ - INFO - Record ID: reczA02C4a6OPHB0j
2025-07-30 19:25:08,102 - __main__ - INFO - URL: None
2025-07-30 19:25:08,392 - __main__ - INFO - 
--- Processing Record 22/58 ---
2025-07-30 19:25:08,392 - __main__ - INFO - Record ID: recozXbYztECazju5
2025-07-30 19:25:08,393 - __main__ - INFO - URL: None
2025-07-30 19:25:08,857 - __main__ - INFO - 
--- Processing Record 23/58 ---
2025-07-30 19:25:08,858 - __main__ - INFO - Record ID: reczNj72ghXDrM0bT
2025-07-30 19:25:08,858 - __main__ - INFO - URL: None
2025-07-30 19:25:09,121 - __main__ - INFO - 
--- Processing Record 24/58 ---
2025-07-30 19:25:09,123 - __main__ - INFO - Record ID: recMkmHTVtPGlHEnU
2025-07-30 19:25:09,123 - __main__ - INFO - URL: None
2025-07-30 19:25:09,414 - __main__ - INFO - 
--- Processing Record 25/58 ---
2025-07-30 19:25:09,415 - __main__ - INFO - Record ID: rectf7nzeGD9Ytldm
2025-07-30 19:25:09,415 - __main__ - INFO - URL: None
2025-07-30 19:25:09,723 - __main__ - INFO - 
--- Processing Record 26/58 ---
2025-07-30 19:25:09,724 - __main__ - INFO - Record ID: recONNdr6M2lIH1BH
2025-07-30 19:25:09,725 - __main__ - INFO - URL: None
2025-07-30 19:30:35,904 - __main__ - INFO - ✓ .env file loaded successfully
2025-07-30 19:30:36,333 - __main__ - INFO - ✓ pyairtable library loaded successfully
2025-07-30 19:30:36,336 - __main__ - INFO - 🚀 Enhanced Amazon Scraper Starting...
2025-07-30 19:30:36,337 - __main__ - INFO - === Enhanced Amazon Scraper for Airtable ===
2025-07-30 19:30:36,337 - __main__ - INFO - ✅ Connected to Airtable successfully
2025-07-30 19:30:36,338 - __main__ - INFO - Query formula: AND({Status}="Entered", {Scraping Status}="")
2025-07-30 19:30:37,059 - __main__ - INFO - ✅ Found 32 records to process
2025-07-30 19:30:37,060 - __main__ - INFO - Enhanced scraper initialized - Concurrent: True, Workers: 3
2025-07-30 19:30:37,061 - __main__ - INFO - 
--- Processing Record 1/32 ---
2025-07-30 19:30:37,061 - __main__ - INFO - Record ID: recjVfePvAeJKqZEy
2025-07-30 19:30:37,062 - __main__ - WARNING - ⚠️  Skipping: No URL found (URL field is empty)
2025-07-30 19:30:37,500 - __main__ - INFO - 
--- Processing Record 2/32 ---
2025-07-30 19:30:37,501 - __main__ - INFO - Record ID: recv2j3mITaPO6Nk6
2025-07-30 19:30:37,501 - __main__ - WARNING - ⚠️  Skipping: No URL found (URL field is empty)
2025-07-30 19:30:37,943 - __main__ - INFO - 
--- Processing Record 3/32 ---
2025-07-30 19:30:37,943 - __main__ - INFO - Record ID: recLJRIKRy3XkhYRY
2025-07-30 19:30:37,944 - __main__ - WARNING - ⚠️  Skipping: No URL found (URL field is empty)
2025-07-30 19:30:38,226 - __main__ - INFO - 
--- Processing Record 4/32 ---
2025-07-30 19:30:38,227 - __main__ - INFO - Record ID: rec4mRn4z3aUtMO1Q
2025-07-30 19:30:38,227 - __main__ - WARNING - ⚠️  Skipping: No URL found (URL field is empty)
2025-07-30 19:30:38,582 - __main__ - INFO - 
--- Processing Record 5/32 ---
2025-07-30 19:30:38,583 - __main__ - INFO - Record ID: recLF2rQujS8c5erq
2025-07-30 19:30:38,584 - __main__ - WARNING - ⚠️  Skipping: No URL found (URL field is empty)
2025-07-30 19:30:39,147 - __main__ - INFO - 
--- Processing Record 6/32 ---
2025-07-30 19:30:39,148 - __main__ - INFO - Record ID: recVSbD7TmAEMnOXo
2025-07-30 19:30:39,148 - __main__ - WARNING - ⚠️  Skipping: No URL found (URL field is empty)
2025-07-30 19:30:39,442 - __main__ - INFO - 
--- Processing Record 7/32 ---
2025-07-30 19:30:39,443 - __main__ - INFO - Record ID: recJvtuZT2vGz9oLp
2025-07-30 19:30:39,444 - __main__ - WARNING - ⚠️  Skipping: No URL found (URL field is empty)
2025-07-30 19:30:39,864 - __main__ - INFO - 
--- Processing Record 8/32 ---
2025-07-30 19:30:39,865 - __main__ - INFO - Record ID: recqJfmzXKJitw4cr
2025-07-30 19:30:39,866 - __main__ - WARNING - ⚠️  Skipping: No URL found (URL field is empty)
2025-07-30 19:30:40,274 - __main__ - INFO - 
--- Processing Record 9/32 ---
2025-07-30 19:30:40,274 - __main__ - INFO - Record ID: recR5meC6KMPXSnyC
2025-07-30 19:30:40,275 - __main__ - WARNING - ⚠️  Skipping: No URL found (URL field is empty)
2025-07-30 19:30:40,686 - __main__ - INFO - 
--- Processing Record 10/32 ---
2025-07-30 19:30:40,686 - __main__ - INFO - Record ID: recTVQA1FfMtw0hCv
2025-07-30 19:30:40,687 - __main__ - WARNING - ⚠️  Skipping: No URL found (URL field is empty)
2025-07-30 19:30:40,959 - __main__ - INFO - 
--- Processing Record 11/32 ---
2025-07-30 19:30:40,960 - __main__ - INFO - Record ID: recmnVifv6OHquazj
2025-07-30 19:30:40,961 - __main__ - WARNING - ⚠️  Skipping: No URL found (URL field is empty)
2025-07-30 19:30:41,300 - __main__ - INFO - 
--- Processing Record 12/32 ---
2025-07-30 19:30:41,301 - __main__ - INFO - Record ID: rec8GR42wa20Lmron
2025-07-30 19:30:41,301 - __main__ - WARNING - ⚠️  Skipping: No URL found (URL field is empty)
2025-07-30 19:30:41,597 - __main__ - INFO - 
--- Processing Record 13/32 ---
2025-07-30 19:30:41,598 - __main__ - INFO - Record ID: recpTqkAwUSE90zE9
2025-07-30 19:30:41,599 - __main__ - WARNING - ⚠️  Skipping: No URL found (URL field is empty)
2025-07-30 19:30:41,876 - __main__ - INFO - 
--- Processing Record 14/32 ---
2025-07-30 19:30:41,877 - __main__ - INFO - Record ID: reczzgNwSESkvoMRY
2025-07-30 19:30:41,877 - __main__ - WARNING - ⚠️  Skipping: No URL found (URL field is empty)
2025-07-30 19:30:42,195 - __main__ - INFO - 
--- Processing Record 15/32 ---
2025-07-30 19:30:42,196 - __main__ - INFO - Record ID: recEpAdeMLRZUV7WC
2025-07-30 19:30:42,197 - __main__ - WARNING - ⚠️  Skipping: No URL found (URL field is empty)
2025-07-30 19:30:42,510 - __main__ - INFO - 
--- Processing Record 16/32 ---
2025-07-30 19:30:42,511 - __main__ - INFO - Record ID: recmpPEi39wi5Af8U
2025-07-30 19:30:42,511 - __main__ - WARNING - ⚠️  Skipping: No URL found (URL field is empty)
2025-07-30 19:30:43,041 - __main__ - INFO - 
--- Processing Record 17/32 ---
2025-07-30 19:30:43,041 - __main__ - INFO - Record ID: recVxP3PZFrXkXmGi
2025-07-30 19:30:43,042 - __main__ - WARNING - ⚠️  Skipping: No URL found (URL field is empty)
2025-07-30 19:30:43,304 - __main__ - INFO - 
--- Processing Record 18/32 ---
2025-07-30 19:30:43,305 - __main__ - INFO - Record ID: reczGxHQ2dSZfWa34
2025-07-30 19:30:43,306 - __main__ - WARNING - ⚠️  Skipping: No URL found (URL field is empty)
2025-07-30 19:30:43,795 - __main__ - INFO - 
--- Processing Record 19/32 ---
2025-07-30 19:30:43,796 - __main__ - INFO - Record ID: recvA5e6n4Wlw6I8S
2025-07-30 19:30:43,796 - __main__ - WARNING - ⚠️  Skipping: No URL found (URL field is empty)
2025-07-30 19:30:44,079 - __main__ - INFO - 
--- Processing Record 20/32 ---
2025-07-30 19:30:44,080 - __main__ - INFO - Record ID: recMMBY7q0OJObAgn
2025-07-30 19:30:44,080 - __main__ - WARNING - ⚠️  Skipping: No URL found (URL field is empty)
2025-07-30 19:30:44,397 - __main__ - INFO - 
--- Processing Record 21/32 ---
2025-07-30 19:30:44,397 - __main__ - INFO - Record ID: recXcb4Cy6v7Htm10
2025-07-30 19:30:44,398 - __main__ - WARNING - ⚠️  Skipping: No URL found (URL field is empty)
2025-07-30 19:30:44,679 - __main__ - INFO - 
--- Processing Record 22/32 ---
2025-07-30 19:30:44,680 - __main__ - INFO - Record ID: recjBxMFJsjUM0RGV
2025-07-30 19:30:44,681 - __main__ - WARNING - ⚠️  Skipping: No URL found (URL field is empty)
2025-07-30 19:30:44,985 - __main__ - INFO - 
--- Processing Record 23/32 ---
2025-07-30 19:30:44,985 - __main__ - INFO - Record ID: rec8dECoXnD1qO2GT
2025-07-30 19:30:44,986 - __main__ - WARNING - ⚠️  Skipping: No URL found (URL field is empty)
2025-07-30 19:30:45,499 - __main__ - INFO - 
--- Processing Record 24/32 ---
2025-07-30 19:30:45,500 - __main__ - INFO - Record ID: recrwt4ecMnvURXtZ
2025-07-30 19:30:45,500 - __main__ - WARNING - ⚠️  Skipping: No URL found (URL field is empty)
2025-07-30 19:30:45,748 - __main__ - INFO - 
--- Processing Record 25/32 ---
2025-07-30 19:30:45,748 - __main__ - INFO - Record ID: recn6eRLek9NnC1aM
2025-07-30 19:30:45,749 - __main__ - WARNING - ⚠️  Skipping: No URL found (URL field is empty)
2025-07-30 19:30:46,042 - __main__ - INFO - 
--- Processing Record 26/32 ---
2025-07-30 19:30:46,043 - __main__ - INFO - Record ID: recOLNOav4RIQNJrL
2025-07-30 19:30:46,043 - __main__ - WARNING - ⚠️  Skipping: No URL found (URL field is empty)
2025-07-30 19:30:46,285 - __main__ - INFO - 
--- Processing Record 27/32 ---
2025-07-30 19:30:46,285 - __main__ - INFO - Record ID: recWtLoTHpoEjdz06
2025-07-30 19:30:46,286 - __main__ - WARNING - ⚠️  Skipping: No URL found (URL field is empty)
2025-07-30 19:30:46,599 - __main__ - INFO - 
--- Processing Record 28/32 ---
2025-07-30 19:30:46,600 - __main__ - INFO - Record ID: recS14o5Uki5UVRjc
2025-07-30 19:30:46,601 - __main__ - WARNING - ⚠️  Skipping: No URL found (URL field is empty)
2025-07-30 19:30:47,033 - __main__ - INFO - 
--- Processing Record 29/32 ---
2025-07-30 19:30:47,034 - __main__ - INFO - Record ID: recdIAyX4FqfcuCcP
2025-07-30 19:30:47,034 - __main__ - WARNING - ⚠️  Skipping: No URL found (URL field is empty)
2025-07-30 19:30:47,419 - __main__ - INFO - 
--- Processing Record 30/32 ---
2025-07-30 19:30:47,420 - __main__ - INFO - Record ID: recMDUaG5eGuUoT5l
2025-07-30 19:30:47,421 - __main__ - WARNING - ⚠️  Skipping: No URL found (URL field is empty)
2025-07-30 19:30:47,667 - __main__ - INFO - 
--- Processing Record 31/32 ---
2025-07-30 19:30:47,668 - __main__ - INFO - Record ID: recrsY7bskKc563o9
2025-07-30 19:30:47,669 - __main__ - WARNING - ⚠️  Skipping: No URL found (URL field is empty)
2025-07-30 19:30:47,955 - __main__ - INFO - 
--- Processing Record 32/32 ---
2025-07-30 19:30:47,956 - __main__ - INFO - Record ID: rec8HFIrcnKTYJiwT
2025-07-30 19:30:47,957 - __main__ - WARNING - ⚠️  Skipping: No URL found (URL field is empty)
2025-07-30 19:30:48,259 - __main__ - INFO - 
=== Scraping Statistics ===
2025-07-30 19:30:48,260 - __main__ - INFO - Total Requests: 0
2025-07-30 19:30:48,261 - __main__ - INFO - Successful Scrapes: 0
2025-07-30 19:30:48,261 - __main__ - INFO - Failed Scrapes: 0
2025-07-30 19:30:48,262 - __main__ - INFO - Blocked Requests: 0
2025-07-30 19:30:48,262 - __main__ - INFO - Retry Attempts: 0
2025-07-30 19:30:48,263 - __main__ - INFO - Skipped Records: 32
2025-07-30 19:30:48,264 - __main__ - INFO - Success Rate: 0
2025-07-30 19:30:48,264 - __main__ - INFO - 
✅ Processing completed! Processed 32 records
2025-07-30 19:30:48,265 - __main__ - INFO - ✨ Script finished!
2025-07-30 19:38:37,659 - __main__ - INFO - ✓ .env file loaded successfully
2025-07-30 19:38:38,048 - __main__ - INFO - ✓ pyairtable library loaded successfully
2025-07-30 19:38:38,049 - __main__ - INFO - 🚀 Enhanced Amazon Scraper Starting...
2025-07-30 19:38:38,050 - __main__ - INFO - === Enhanced Amazon Scraper for Airtable ===
2025-07-30 19:38:38,050 - __main__ - INFO - ✅ Connected to Airtable successfully
2025-07-30 19:38:38,050 - __main__ - INFO - Query formula: AND({Status}="Entered", {Scraping Status}="")
2025-07-30 19:38:38,901 - __main__ - INFO - ✅ No records to process
2025-07-30 19:38:38,902 - __main__ - INFO - ✨ Script finished!
2025-07-30 19:39:28,586 - __main__ - INFO - ✓ .env file loaded successfully
2025-07-30 19:39:29,075 - __main__ - INFO - ✓ pyairtable library loaded successfully
2025-07-30 19:39:29,077 - __main__ - INFO - 🚀 Enhanced Amazon Scraper Starting...
2025-07-30 19:39:29,077 - __main__ - INFO - === Enhanced Amazon Scraper for Airtable ===
2025-07-30 19:39:29,078 - __main__ - INFO - ✅ Connected to Airtable successfully
2025-07-30 19:39:29,078 - __main__ - INFO - Query formula: AND({Status}="Entered", {Scraping Status}="")
2025-07-30 19:39:29,602 - __main__ - INFO - ✅ Found 58 records to process
2025-07-30 19:39:29,603 - __main__ - INFO - Enhanced scraper initialized - Concurrent: True, Workers: 3
2025-07-30 19:39:29,604 - __main__ - INFO - 
--- Processing Record 1/58 ---
2025-07-30 19:39:29,604 - __main__ - INFO - Record ID: rec1ijWseXkCjWlbt
2025-07-30 19:39:29,605 - __main__ - INFO - Product URL: https://a.co/d/9Ft7dwj
2025-07-30 19:39:29,605 - __main__ - INFO - Product Code: None
2025-07-30 19:39:29,606 - __main__ - INFO - 🚀 Product URL found - Proceeding with scraping
2025-07-30 19:39:29,607 - __main__ - INFO - Starting scrape: https://a.co/d/9Ft7dwj
2025-07-30 19:39:33,532 - __main__ - INFO - Successfully fetched: https://a.co/d/9Ft7dwj
2025-07-30 19:39:33,533 - __main__ - WARNING - lxml parser failed, trying html.parser: Couldn't find a tree builder with the features you requested: lxml. Do you need to install a parser library?
2025-07-30 19:39:33,545 - __main__ - WARNING - No ASIN found in URL: https://a.co/d/9Ft7dwj
2025-07-30 19:39:33,550 - __main__ - WARNING - Product name not found with any selector
2025-07-30 19:39:33,558 - __main__ - WARNING - Product description not found
2025-07-30 19:39:33,563 - __main__ - INFO - Found 0 unique product images
2025-07-30 19:39:33,566 - __main__ - WARNING - Product dimensions not found
2025-07-30 19:39:33,569 - __main__ - WARNING - Product weight not found
2025-07-30 19:39:33,583 - __main__ - WARNING - Product None: Missing fields - name, description, images
2025-07-30 19:39:33,584 - __main__ - INFO - Successfully scraped: None - Status: Needs Attention
2025-07-30 19:39:33,770 - __main__ - ERROR - ❌ Airtable update failed: ('422 Client Error: Unprocessable Entity for url: https://api.airtable.com/v0/appI0EDHQVVZCxVZ9/Items-Bid4more/rec1ijWseXkCjWlbt', '{\'type\': \'UNKNOWN_FIELD_NAME\', \'message\': \'Unknown field name: "Source"\'}')
2025-07-30 19:39:40,168 - __main__ - INFO - 
--- Processing Record 2/58 ---
2025-07-30 19:39:40,169 - __main__ - INFO - Record ID: recTpl0oR3fwbmsYc
2025-07-30 19:39:40,169 - __main__ - INFO - Product URL: https://a.co/d/7nVdA91
2025-07-30 19:39:40,170 - __main__ - INFO - Product Code: None
2025-07-30 19:39:40,170 - __main__ - INFO - 🚀 Product URL found - Proceeding with scraping
2025-07-30 19:39:40,171 - __main__ - INFO - Starting scrape: https://a.co/d/7nVdA91
2025-07-30 19:39:43,823 - __main__ - INFO - Successfully fetched: https://a.co/d/7nVdA91
2025-07-30 19:39:43,824 - __main__ - WARNING - lxml parser failed, trying html.parser: Couldn't find a tree builder with the features you requested: lxml. Do you need to install a parser library?
2025-07-30 19:39:43,832 - __main__ - WARNING - No ASIN found in URL: https://a.co/d/7nVdA91
2025-07-30 19:39:43,836 - __main__ - WARNING - Product name not found with any selector
2025-07-30 19:39:43,842 - __main__ - WARNING - Product description not found
2025-07-30 19:39:43,846 - __main__ - INFO - Found 0 unique product images
2025-07-30 19:39:43,849 - __main__ - WARNING - Product dimensions not found
2025-07-30 19:39:43,851 - __main__ - WARNING - Product weight not found
2025-07-30 19:39:43,860 - __main__ - WARNING - Product None: Missing fields - name, description, images
2025-07-30 19:39:43,861 - __main__ - INFO - Successfully scraped: None - Status: Needs Attention
2025-07-30 19:39:44,090 - __main__ - ERROR - ❌ Airtable update failed: ('422 Client Error: Unprocessable Entity for url: https://api.airtable.com/v0/appI0EDHQVVZCxVZ9/Items-Bid4more/recTpl0oR3fwbmsYc', '{\'type\': \'UNKNOWN_FIELD_NAME\', \'message\': \'Unknown field name: "Source"\'}')
2025-07-30 20:39:28,784 - __main__ - INFO - ✓ .env file loaded successfully
2025-07-30 20:39:29,088 - __main__ - INFO - ✓ pyairtable library loaded successfully
2025-07-30 20:39:29,090 - __main__ - INFO - === 🚀 Enhanced Amazon Scraper for Airtable Starting ===
2025-07-30 20:39:29,091 - __main__ - INFO - ✅ Connected to Airtable base 'appI0EDHQVVZCxVZ9', table 'Items-Bid4more'
2025-07-30 20:39:29,091 - __main__ - INFO - Fetching records with formula: AND({Status}='Entered', OR({Scraping Status}='', {Scraping Status}='Skipped'))
2025-07-30 20:39:29,691 - __main__ - INFO - Found 58 records to process.
2025-07-30 20:39:29,692 - __main__ - INFO - Enhanced scraper initialized with 3 workers.
2025-07-30 20:39:29,692 - __main__ - INFO - 
--- Processing Record 1/58 (ID: rec1ijWseXkCjWlbt) ---
2025-07-30 20:39:29,693 - __main__ - INFO - 🚀 Starting scrape for: https://a.co/d/9Ft7dwj
2025-07-30 20:39:29,693 - __main__ - INFO - Resolving short URL: https://a.co/d/9Ft7dwj
2025-07-30 20:39:31,936 - __main__ - INFO - Resolved to: https://www.amazon.ca/dp/B0DNGRLFW2?ref=cm_sw_r_cp_ud_dp_DCVFWA3N23ZD4EYT4TTX&ref_=cm_sw_r_cp_ud_dp_DCVFWA3N23ZD4EYT4TTX&social_share=cm_sw_r_cp_ud_dp_DCVFWA3N23ZD4EYT4TTX
2025-07-30 20:39:37,114 - __main__ - INFO - Successfully fetched: https://www.amazon.ca/dp/B0DNGRLFW2?ref=cm_sw_r_cp_ud_dp_DCVFWA3N23ZD4EYT4TTX&ref_=cm_sw_r_cp_ud_dp_DCVFWA3N23ZD4EYT4TTX&social_share=cm_sw_r_cp_ud_dp_DCVFWA3N23ZD4EYT4TTX
2025-07-30 20:39:37,252 - __main__ - INFO - Extracted ASIN from URL: B0DNGRLFW2
2025-07-30 20:39:37,355 - __main__ - INFO - Product B0DNGRLFW2: All critical fields validated
2025-07-30 20:39:37,355 - __main__ - INFO - ✅ Successfully scraped: B0DNGRLFW2 - Status: Scraped
2025-07-30 20:39:37,631 - __main__ - ERROR - ❌ Airtable update failed for record rec1ijWseXkCjWlbt: ('422 Client Error: Unprocessable Entity for url: https://api.airtable.com/v0/appI0EDHQVVZCxVZ9/Items-Bid4more/rec1ijWseXkCjWlbt', '{\'type\': \'UNKNOWN_FIELD_NAME\', \'message\': \'Unknown field name: "ASIN"\'}')
2025-07-30 20:39:44,819 - __main__ - INFO - 
--- Processing Record 2/58 (ID: recTpl0oR3fwbmsYc) ---
2025-07-30 20:39:44,820 - __main__ - INFO - 🚀 Starting scrape for: https://a.co/d/7nVdA91
2025-07-30 20:39:44,820 - __main__ - INFO - Resolving short URL: https://a.co/d/7nVdA91
2025-07-30 20:39:46,789 - __main__ - INFO - Resolved to: https://www.amazon.ca/dp/B0CNJSFN32?ref=cm_sw_r_cp_ud_dp_6H5YJP3N78A2CW3MCT6J_1&ref_=cm_sw_r_cp_ud_dp_6H5YJP3N78A2CW3MCT6J_1&social_share=cm_sw_r_cp_ud_dp_6H5YJP3N78A2CW3MCT6J_1
2025-07-30 20:39:52,470 - __main__ - INFO - Successfully fetched: https://www.amazon.ca/dp/B0CNJSFN32?ref=cm_sw_r_cp_ud_dp_6H5YJP3N78A2CW3MCT6J_1&ref_=cm_sw_r_cp_ud_dp_6H5YJP3N78A2CW3MCT6J_1&social_share=cm_sw_r_cp_ud_dp_6H5YJP3N78A2CW3MCT6J_1
2025-07-30 20:42:22,722 - __main__ - INFO - ✓ .env file loaded successfully
2025-07-30 20:42:22,988 - __main__ - INFO - ✓ pyairtable library loaded successfully
2025-07-30 20:42:22,990 - __main__ - INFO - === 🚀 Enhanced Amazon Scraper for Airtable Starting ===
2025-07-30 20:42:22,991 - __main__ - INFO - ✅ Connected to Airtable base 'appI0EDHQVVZCxVZ9', table 'Items-Bid4more'
2025-07-30 20:42:22,991 - __main__ - INFO - Fetching records with formula: AND({Status}='Entered', OR({Scraping Status}='', {Scraping Status}='Skipped'))
2025-07-30 20:42:23,787 - __main__ - INFO - Found 58 records to process.
2025-07-30 20:42:23,788 - __main__ - INFO - Enhanced scraper initialized with 3 workers.
2025-07-30 20:42:23,788 - __main__ - INFO - 
--- Processing Record 1/58 (ID: rec1ijWseXkCjWlbt) ---
2025-07-30 20:42:23,788 - __main__ - INFO - 🚀 Starting scrape for: https://a.co/d/9Ft7dwj
2025-07-30 20:42:23,788 - __main__ - INFO - Resolving short URL: https://a.co/d/9Ft7dwj
2025-07-30 20:42:24,352 - __main__ - INFO - Resolved to: https://www.amazon.ca/dp/B0DNGRLFW2?ref=cm_sw_r_cp_ud_dp_DCVFWA3N23ZD4EYT4TTX&ref_=cm_sw_r_cp_ud_dp_DCVFWA3N23ZD4EYT4TTX&social_share=cm_sw_r_cp_ud_dp_DCVFWA3N23ZD4EYT4TTX
2025-07-30 20:42:29,448 - __main__ - INFO - Successfully fetched: https://www.amazon.ca/dp/B0DNGRLFW2?ref=cm_sw_r_cp_ud_dp_DCVFWA3N23ZD4EYT4TTX&ref_=cm_sw_r_cp_ud_dp_DCVFWA3N23ZD4EYT4TTX&social_share=cm_sw_r_cp_ud_dp_DCVFWA3N23ZD4EYT4TTX
2025-07-30 20:42:29,581 - __main__ - INFO - Extracted ASIN from URL: B0DNGRLFW2
2025-07-30 20:42:29,693 - __main__ - INFO - Product B0DNGRLFW2: All critical fields validated
2025-07-30 20:42:29,694 - __main__ - INFO - ✅ Successfully scraped: B0DNGRLFW2 - Status: Scraped
2025-07-30 20:42:30,208 - __main__ - INFO - ✅ Record rec1ijWseXkCjWlbt updated with status: Scraped
2025-07-30 20:42:34,549 - __main__ - INFO - 
--- Processing Record 2/58 (ID: recTpl0oR3fwbmsYc) ---
2025-07-30 20:42:34,549 - __main__ - INFO - 🚀 Starting scrape for: https://a.co/d/7nVdA91
2025-07-30 20:42:34,550 - __main__ - INFO - Resolving short URL: https://a.co/d/7nVdA91
2025-07-30 20:42:36,223 - __main__ - INFO - Resolved to: https://www.amazon.ca/dp/B0CNJSFN32?ref=cm_sw_r_cp_ud_dp_6H5YJP3N78A2CW3MCT6J_1&ref_=cm_sw_r_cp_ud_dp_6H5YJP3N78A2CW3MCT6J_1&social_share=cm_sw_r_cp_ud_dp_6H5YJP3N78A2CW3MCT6J_1
2025-07-30 20:42:40,452 - __main__ - INFO - Successfully fetched: https://www.amazon.ca/dp/B0CNJSFN32?ref=cm_sw_r_cp_ud_dp_6H5YJP3N78A2CW3MCT6J_1&ref_=cm_sw_r_cp_ud_dp_6H5YJP3N78A2CW3MCT6J_1&social_share=cm_sw_r_cp_ud_dp_6H5YJP3N78A2CW3MCT6J_1
2025-07-30 20:42:40,535 - __main__ - INFO - Extracted ASIN from URL: B0CNJSFN32
2025-07-30 20:42:40,611 - __main__ - INFO - Product B0CNJSFN32: All critical fields validated
2025-07-30 20:42:40,612 - __main__ - INFO - ✅ Successfully scraped: B0CNJSFN32 - Status: Scraped
2025-07-30 20:42:40,945 - __main__ - INFO - ✅ Record recTpl0oR3fwbmsYc updated with status: Scraped
2025-07-30 20:42:45,012 - __main__ - INFO - 
--- Processing Record 3/58 (ID: recpAhN6EPfB0lHFA) ---
2025-07-30 20:42:45,013 - __main__ - INFO - 🚀 Starting scrape for: https://a.co/d/fsObuSD
2025-07-30 20:42:45,014 - __main__ - INFO - Resolving short URL: https://a.co/d/fsObuSD
2025-07-30 20:42:46,809 - __main__ - INFO - Resolved to: https://www.amazon.ca/dp/B06WRLQL7Q?_encoding=UTF8&psc=1&ref=cm_sw_r_cp_ud_dp_A6E3JYYD2BPT9SBPKRFR&ref_=cm_sw_r_cp_ud_dp_A6E3JYYD2BPT9SBPKRFR&social_share=cm_sw_r_cp_ud_dp_A6E3JYYD2BPT9SBPKRFR
2025-07-30 20:52:07,097 - __main__ - INFO - ✓ .env file loaded successfully
2025-07-30 20:52:07,396 - __main__ - INFO - ✓ pyairtable library loaded successfully
2025-07-30 20:52:07,398 - __main__ - INFO - === 🚀 Enhanced Amazon Scraper for Airtable Starting ===
2025-07-30 20:52:07,399 - __main__ - INFO - ✅ Connected to Airtable base 'appI0EDHQVVZCxVZ9', table 'Items-Bid4more'
2025-07-30 20:52:07,399 - __main__ - INFO - Fetching records with formula: AND({Status}='Entered', OR({Scraping Status}='', {Scraping Status}='Skipped'))
2025-07-30 20:52:08,542 - __main__ - INFO - Found 57 records to process.
2025-07-30 20:52:08,543 - __main__ - INFO - Enhanced scraper initialized with 3 workers.
2025-07-30 20:52:08,543 - __main__ - INFO - 
--- Processing Record 1/57 (ID: recTpl0oR3fwbmsYc) ---
2025-07-30 20:52:08,544 - __main__ - INFO - 🚀 Starting scrape for: https://a.co/d/7nVdA91
2025-07-30 20:52:08,544 - __main__ - INFO - Resolving short URL: https://a.co/d/7nVdA91
2025-07-30 20:52:09,142 - __main__ - INFO - Resolved to: https://www.amazon.ca/dp/B0CNJSFN32?ref=cm_sw_r_cp_ud_dp_6H5YJP3N78A2CW3MCT6J_1&ref_=cm_sw_r_cp_ud_dp_6H5YJP3N78A2CW3MCT6J_1&social_share=cm_sw_r_cp_ud_dp_6H5YJP3N78A2CW3MCT6J_1
2025-07-30 20:52:14,396 - __main__ - INFO - Successfully fetched: https://www.amazon.ca/dp/B0CNJSFN32?ref=cm_sw_r_cp_ud_dp_6H5YJP3N78A2CW3MCT6J_1&ref_=cm_sw_r_cp_ud_dp_6H5YJP3N78A2CW3MCT6J_1&social_share=cm_sw_r_cp_ud_dp_6H5YJP3N78A2CW3MCT6J_1
2025-07-30 20:52:14,486 - __main__ - INFO - Extracted ASIN from URL: B0CNJSFN32
2025-07-30 20:52:14,569 - __main__ - INFO - Product B0CNJSFN32: All critical fields validated
2025-07-30 20:52:14,570 - __main__ - INFO - ✅ Successfully scraped: B0CNJSFN32 - Status: Scraped
2025-07-30 20:52:14,940 - __main__ - INFO - ✅ Record recTpl0oR3fwbmsYc updated with status: Scraped / Scraped
2025-07-30 20:52:19,884 - __main__ - INFO - 
--- Processing Record 2/57 (ID: recpAhN6EPfB0lHFA) ---
2025-07-30 20:52:19,885 - __main__ - INFO - 🚀 Starting scrape for: https://a.co/d/fsObuSD
2025-07-30 20:52:19,885 - __main__ - INFO - Resolving short URL: https://a.co/d/fsObuSD
2025-07-30 20:52:21,909 - __main__ - INFO - Resolved to: https://www.amazon.ca/dp/B06WRLQL7Q?_encoding=UTF8&psc=1&ref=cm_sw_r_cp_ud_dp_A6E3JYYD2BPT9SBPKRFR&ref_=cm_sw_r_cp_ud_dp_A6E3JYYD2BPT9SBPKRFR&social_share=cm_sw_r_cp_ud_dp_A6E3JYYD2BPT9SBPKRFR
2025-07-30 20:52:27,511 - __main__ - INFO - Successfully fetched: https://www.amazon.ca/dp/B06WRLQL7Q?_encoding=UTF8&psc=1&ref=cm_sw_r_cp_ud_dp_A6E3JYYD2BPT9SBPKRFR&ref_=cm_sw_r_cp_ud_dp_A6E3JYYD2BPT9SBPKRFR&social_share=cm_sw_r_cp_ud_dp_A6E3JYYD2BPT9SBPKRFR
2025-07-30 20:52:27,623 - __main__ - INFO - Extracted ASIN from URL: B06WRLQL7Q
2025-07-30 20:52:27,706 - __main__ - INFO - Product B06WRLQL7Q: All critical fields validated
2025-07-30 20:52:27,706 - __main__ - INFO - ✅ Successfully scraped: B06WRLQL7Q - Status: Scraped
2025-07-30 20:52:28,259 - __main__ - INFO - ✅ Record recpAhN6EPfB0lHFA updated with status: Scraped / Scraped
2025-07-30 20:52:32,719 - __main__ - INFO - 
--- Processing Record 3/57 (ID: recNn5WeewrlnalTF) ---
2025-07-30 20:52:32,720 - __main__ - INFO - 🚀 Starting scrape for: https://www.staples.ca/products/3018112-en-national-geographic-rock-tumbler-hobby-edition
2025-07-30 20:52:33,012 - __main__ - INFO - ✅ Record recNn5WeewrlnalTF updated with status: Needs Attention / Failed (Not a valid Amazon URL)
2025-07-30 20:52:39,695 - __main__ - INFO - 
--- Processing Record 4/57 (ID: recPgVbHd6vYG6mjL) ---
2025-07-30 20:52:39,696 - __main__ - INFO - 🚀 Starting scrape for: https://a.co/d/hegH9EH
2025-07-30 20:52:39,696 - __main__ - INFO - Resolving short URL: https://a.co/d/hegH9EH
2025-07-30 20:52:41,507 - __main__ - INFO - Resolved to: https://www.amazon.com/dp/B087ZGBMX7?ref=cm_sw_r_cp_ud_dp_VVFS3Q7TG90CK0G8WDC7&ref_=cm_sw_r_cp_ud_dp_VVFS3Q7TG90CK0G8WDC7&social_share=cm_sw_r_cp_ud_dp_VVFS3Q7TG90CK0G8WDC7&csmig=1
2025-07-30 20:52:46,469 - __main__ - INFO - Successfully fetched: https://www.amazon.com/dp/B087ZGBMX7?ref=cm_sw_r_cp_ud_dp_VVFS3Q7TG90CK0G8WDC7&ref_=cm_sw_r_cp_ud_dp_VVFS3Q7TG90CK0G8WDC7&social_share=cm_sw_r_cp_ud_dp_VVFS3Q7TG90CK0G8WDC7&csmig=1
2025-07-30 20:52:46,590 - __main__ - INFO - Extracted ASIN from URL: B087ZGBMX7
2025-07-30 20:52:46,713 - __main__ - INFO - Product B087ZGBMX7: All critical fields validated
2025-07-30 20:52:46,714 - __main__ - INFO - ✅ Successfully scraped: B087ZGBMX7 - Status: Scraped
2025-07-30 20:52:47,120 - __main__ - INFO - ✅ Record recPgVbHd6vYG6mjL updated with status: Scraped / Scraped
2025-07-30 20:52:54,722 - __main__ - INFO - 
--- Processing Record 5/57 (ID: reciL8OWnAtscRwRh) ---
2025-07-30 20:52:54,722 - __main__ - INFO - 🚀 Starting scrape for: https://www.walmart.ca/en/ip/New-Boss-ATV25B-Dual-450W-6-5-ATV-Marine-Amplifed-Waterproof-Speakers-Bluetooth/4FBSRLWCXW2D?selectedSellerId=9A291A8BB17B4C189E09BBB513D504A0&cmpid=SEM_CA_55455_8TG16EV3WY&utm_id=SEM_CA_55455_8TG16EV3WY&utm_medium=paid_search&utm_source=google&utm_campaign=always_on&gclsrc=aw.ds&gad_source=1&gad_campaignid=22471305974&gbraid=0AAAAADv6L0SmTsDdPeeWzTtl7jY5wlCjR&gclid=Cj0KCQjwkILEBhDeARIsAL--pjzzD2g_x3v_94L2NylWvLoquVHovCjzy7FgPGe-IyCPZ_EyTlzMWuwaAvsdEALw_wcB
2025-07-30 20:52:55,004 - __main__ - INFO - ✅ Record reciL8OWnAtscRwRh updated with status: Needs Attention / Failed (Not a valid Amazon URL)
2025-07-30 20:53:02,252 - __main__ - INFO - 
--- Processing Record 6/57 (ID: rec2kKJBB5Ngfv9G3) ---
2025-07-30 20:53:02,253 - __main__ - INFO - 🚀 Starting scrape for: https://a.co/d/2NYsIOM
2025-07-30 20:53:02,254 - __main__ - INFO - Resolving short URL: https://a.co/d/2NYsIOM
2025-07-30 20:53:04,102 - __main__ - INFO - Resolved to: https://www.amazon.ca/dp/B0BQNMRX8F?ref=cm_sw_r_cso_cp_apin_dp_V3FXFRHW5KT1D1X3ZVWD&ref_=cm_sw_r_cso_cp_apin_dp_V3FXFRHW5KT1D1X3ZVWD&social_share=cm_sw_r_cso_cp_apin_dp_V3FXFRHW5KT1D1X3ZVWD
2025-07-30 20:53:08,418 - __main__ - INFO - Successfully fetched: https://www.amazon.ca/dp/B0BQNMRX8F?ref=cm_sw_r_cso_cp_apin_dp_V3FXFRHW5KT1D1X3ZVWD&ref_=cm_sw_r_cso_cp_apin_dp_V3FXFRHW5KT1D1X3ZVWD&social_share=cm_sw_r_cso_cp_apin_dp_V3FXFRHW5KT1D1X3ZVWD
2025-07-30 20:53:08,525 - __main__ - INFO - Extracted ASIN from URL: B0BQNMRX8F
2025-07-30 20:53:08,611 - __main__ - INFO - Product B0BQNMRX8F: All critical fields validated
2025-07-30 20:53:08,612 - __main__ - INFO - ✅ Successfully scraped: B0BQNMRX8F - Status: Scraped
2025-07-30 20:53:09,067 - __main__ - INFO - ✅ Record rec2kKJBB5Ngfv9G3 updated with status: Scraped / Scraped
2025-07-30 20:53:15,625 - __main__ - INFO - 
--- Processing Record 7/57 (ID: rec8D9H4ZOfeLkmBT) ---
2025-07-30 20:53:15,626 - __main__ - INFO - 🚀 Starting scrape for: https://a.co/d/47yGybf
2025-07-30 20:53:15,627 - __main__ - INFO - Resolving short URL: https://a.co/d/47yGybf
2025-07-30 20:53:17,688 - __main__ - INFO - Resolved to: https://www.amazon.ca/dp/B0932W328M?ref=cm_sw_r_cso_cp_apin_dp_D3T19B3ZYFVG7MMMTG51&ref_=cm_sw_r_cso_cp_apin_dp_D3T19B3ZYFVG7MMMTG51&social_share=cm_sw_r_cso_cp_apin_dp_D3T19B3ZYFVG7MMMTG51
2025-07-30 20:53:22,575 - __main__ - INFO - Successfully fetched: https://www.amazon.ca/dp/B0932W328M?ref=cm_sw_r_cso_cp_apin_dp_D3T19B3ZYFVG7MMMTG51&ref_=cm_sw_r_cso_cp_apin_dp_D3T19B3ZYFVG7MMMTG51&social_share=cm_sw_r_cso_cp_apin_dp_D3T19B3ZYFVG7MMMTG51
2025-07-30 20:53:22,700 - __main__ - INFO - Extracted ASIN from URL: B0932W328M
2025-07-30 20:53:22,797 - __main__ - INFO - Product B0932W328M: All critical fields validated
2025-07-30 20:53:22,797 - __main__ - INFO - ✅ Successfully scraped: B0932W328M - Status: Scraped
2025-07-30 20:53:23,403 - __main__ - INFO - ✅ Record rec8D9H4ZOfeLkmBT updated with status: Scraped / Scraped
2025-07-30 20:53:31,150 - __main__ - INFO - 
--- Processing Record 8/57 (ID: rectjEqJeNPxpNbbI) ---
2025-07-30 20:53:31,151 - __main__ - INFO - 🚀 Starting scrape for: https://one.brickseek.com/p/26618991
2025-07-30 20:53:31,501 - __main__ - INFO - ✅ Record rectjEqJeNPxpNbbI updated with status: Needs Attention / Failed (Not a valid Amazon URL)
2025-07-30 20:53:36,315 - __main__ - INFO - 
--- Processing Record 9/57 (ID: recUKC9BLrj37BVbK) ---
2025-07-30 20:53:36,316 - __main__ - INFO - 🚀 Starting scrape for: https://a.co/d/eTfOAfa
2025-07-30 20:53:36,316 - __main__ - INFO - Resolving short URL: https://a.co/d/eTfOAfa
2025-07-30 20:53:38,354 - __main__ - INFO - Resolved to: https://www.amazon.ca/dp/B0CRHVZ7TN?_encoding=UTF8&psc=1&ref=cm_sw_r_cp_ud_dp_XRKWC6TJ8T2Q3NF8JQN4&ref_=cm_sw_r_cp_ud_dp_XRKWC6TJ8T2Q3NF8JQN4&social_share=cm_sw_r_cp_ud_dp_XRKWC6TJ8T2Q3NF8JQN4
2025-07-30 20:53:44,784 - __main__ - INFO - Successfully fetched: https://www.amazon.ca/dp/B0CRHVZ7TN?_encoding=UTF8&psc=1&ref=cm_sw_r_cp_ud_dp_XRKWC6TJ8T2Q3NF8JQN4&ref_=cm_sw_r_cp_ud_dp_XRKWC6TJ8T2Q3NF8JQN4&social_share=cm_sw_r_cp_ud_dp_XRKWC6TJ8T2Q3NF8JQN4
2025-07-30 20:53:44,997 - __main__ - INFO - Extracted ASIN from URL: B0CRHVZ7TN
2025-07-30 20:53:45,083 - __main__ - INFO - Product B0CRHVZ7TN: All critical fields validated
2025-07-30 20:53:45,083 - __main__ - INFO - ✅ Successfully scraped: B0CRHVZ7TN - Status: Scraped
2025-07-30 20:53:45,487 - __main__ - INFO - ✅ Record recUKC9BLrj37BVbK updated with status: Scraped / Scraped
2025-07-30 20:53:51,486 - __main__ - INFO - 
--- Processing Record 10/57 (ID: recUBkRBDHtVDBQPN) ---
2025-07-30 20:53:51,487 - __main__ - INFO - 🚀 Starting scrape for: https://a.co/d/imNFZyt
2025-07-30 20:53:51,488 - __main__ - INFO - Resolving short URL: https://a.co/d/imNFZyt
2025-07-30 20:53:53,304 - __main__ - INFO - Resolved to: https://www.amazon.ca/dp/B09B73Q1SG?ref=cm_sw_r_cp_ud_dp_A70N5QX8WD12TKPE1VXM&ref_=cm_sw_r_cp_ud_dp_A70N5QX8WD12TKPE1VXM&social_share=cm_sw_r_cp_ud_dp_A70N5QX8WD12TKPE1VXM
2025-07-30 20:53:57,972 - __main__ - INFO - Successfully fetched: https://www.amazon.ca/dp/B09B73Q1SG?ref=cm_sw_r_cp_ud_dp_A70N5QX8WD12TKPE1VXM&ref_=cm_sw_r_cp_ud_dp_A70N5QX8WD12TKPE1VXM&social_share=cm_sw_r_cp_ud_dp_A70N5QX8WD12TKPE1VXM
2025-07-30 20:53:58,052 - __main__ - INFO - Extracted ASIN from URL: B09B73Q1SG
2025-07-30 20:53:58,114 - __main__ - INFO - Product B09B73Q1SG: All critical fields validated
2025-07-30 20:53:58,114 - __main__ - INFO - ✅ Successfully scraped: B09B73Q1SG - Status: Scraped
2025-07-30 20:53:58,529 - __main__ - INFO - ✅ Record recUBkRBDHtVDBQPN updated with status: Scraped / Scraped
2025-07-30 20:54:05,648 - __main__ - INFO - 
--- Processing Record 11/57 (ID: recMkHEdAUDVzDzZW) ---
2025-07-30 20:54:05,648 - __main__ - INFO - 🚀 Starting scrape for: https://a.co/d/9qZfxpi
2025-07-30 20:54:05,649 - __main__ - INFO - Resolving short URL: https://a.co/d/9qZfxpi
2025-07-30 20:54:08,518 - __main__ - INFO - Resolved to: https://www.amazon.ca/dp/B081SHD386?ref=cm_sw_r_cso_cp_apan_dp_MG3MC7Z26M28NS8M102S&ref_=cm_sw_r_cso_cp_apan_dp_MG3MC7Z26M28NS8M102S&social_share=cm_sw_r_cso_cp_apan_dp_MG3MC7Z26M28NS8M102S
2025-07-30 20:54:15,111 - __main__ - INFO - Successfully fetched: https://www.amazon.ca/dp/B081SHD386?ref=cm_sw_r_cso_cp_apan_dp_MG3MC7Z26M28NS8M102S&ref_=cm_sw_r_cso_cp_apan_dp_MG3MC7Z26M28NS8M102S&social_share=cm_sw_r_cso_cp_apan_dp_MG3MC7Z26M28NS8M102S
2025-07-30 20:54:15,274 - __main__ - INFO - Extracted ASIN from URL: B081SHD386
2025-07-30 20:54:15,411 - __main__ - INFO - Product B081SHD386: All critical fields validated
2025-07-30 20:54:15,411 - __main__ - INFO - ✅ Successfully scraped: B081SHD386 - Status: Scraped
2025-07-30 20:54:15,725 - __main__ - INFO - ✅ Record recMkHEdAUDVzDzZW updated with status: Scraped / Scraped
2025-07-30 20:54:22,974 - __main__ - INFO - 
--- Processing Record 12/57 (ID: rec5HMLwwlITt1nse) ---
2025-07-30 20:54:22,974 - __main__ - WARNING - ⚠️ Skipping record: Product URL is empty.
2025-07-30 20:54:23,409 - __main__ - INFO - 
--- Processing Record 13/57 (ID: recm4nVv3XYfJbNMT) ---
2025-07-30 20:54:23,410 - __main__ - INFO - 🚀 Starting scrape for: https://www.amazon.ca/Watering-Automate-Sprinkler-Schedule-Included/dp/B0C7PP4HFV?th=1
2025-07-30 20:54:27,392 - __main__ - INFO - Successfully fetched: https://www.amazon.ca/Watering-Automate-Sprinkler-Schedule-Included/dp/B0C7PP4HFV?th=1
2025-07-30 20:54:27,559 - __main__ - INFO - Extracted ASIN from URL: B0C7PP4HFV
2025-07-30 20:54:27,697 - __main__ - INFO - Product B0C7PP4HFV: All critical fields validated
2025-07-30 20:54:27,697 - __main__ - INFO - ✅ Successfully scraped: B0C7PP4HFV - Status: Scraped
2025-07-30 20:54:28,122 - __main__ - INFO - ✅ Record recm4nVv3XYfJbNMT updated with status: Scraped / Scraped
2025-07-30 20:54:34,013 - __main__ - INFO - 
--- Processing Record 14/57 (ID: recp96WC72xaj0CrP) ---
2025-07-30 20:54:34,014 - __main__ - INFO - 🚀 Starting scrape for: https://a.co/d/2OByYnB
2025-07-30 20:54:34,014 - __main__ - INFO - Resolving short URL: https://a.co/d/2OByYnB
2025-07-30 20:54:36,027 - __main__ - INFO - Resolved to: https://www.amazon.ca/dp/B0BMWNHL3X?ref=cm_sw_r_cso_cp_apan_dp_F6AFFG2NWA2896EWS2WM&ref_=cm_sw_r_cso_cp_apan_dp_F6AFFG2NWA2896EWS2WM&social_share=cm_sw_r_cso_cp_apan_dp_F6AFFG2NWA2896EWS2WM
2025-07-30 20:54:40,938 - __main__ - INFO - Successfully fetched: https://www.amazon.ca/dp/B0BMWNHL3X?ref=cm_sw_r_cso_cp_apan_dp_F6AFFG2NWA2896EWS2WM&ref_=cm_sw_r_cso_cp_apan_dp_F6AFFG2NWA2896EWS2WM&social_share=cm_sw_r_cso_cp_apan_dp_F6AFFG2NWA2896EWS2WM
2025-07-30 20:54:41,036 - __main__ - INFO - Extracted ASIN from URL: B0BMWNHL3X
2025-07-30 20:54:41,133 - __main__ - WARNING - Product B0BMWNHL3X: Missing fields - description
2025-07-30 20:54:41,134 - __main__ - INFO - ✅ Successfully scraped: B0BMWNHL3X - Status: Needs Attention
2025-07-30 20:54:41,625 - __main__ - INFO - ✅ Record recp96WC72xaj0CrP updated with status: Needs Attention / Needs Attention (Missing: description)
2025-07-30 20:54:46,609 - __main__ - INFO - 
--- Processing Record 15/57 (ID: recl92aoywHG51w7t) ---
2025-07-30 20:54:46,609 - __main__ - INFO - 🚀 Starting scrape for: https://www.walmart.ca/en/ip/2-Plug-Switch-Duo-Wi-Fi-Smart-Plug-Adapter/4NM9UDU7XVEQ?selectedSellerId=66510A6C843F4EA9B6AFD9D4E9420A19&cmpid=SEM_CA_616_8S1GFEDU95_22454376944_183395261732&utm_id=SEM_CA_616_8S1GFEDU95_22454376944_183395261732&utm_medium=paid_search&utm_source=google&utm_campaign=always_on&gad_source=1&gad_campaignid=22454376944&gbraid=0AAAAADv6L0RKG6ExA_b-PxGNipuhs38hk&gclid=Cj0KCQjws4fEBhD-ARIsACC3d2--F5WzvEIYoLPmeH9eUOWXziZ6bMW9apYqM2H8JFNrGRt3-jPrGdYaAohUEALw_wcB&gclsrc=aw.ds
2025-07-30 20:54:46,946 - __main__ - INFO - ✅ Record recl92aoywHG51w7t updated with status: Needs Attention / Failed (Not a valid Amazon URL)
2025-07-30 20:54:54,820 - __main__ - INFO - 
--- Processing Record 16/57 (ID: recj9CixwOaZmNP1U) ---
2025-07-30 20:54:54,821 - __main__ - INFO - 🚀 Starting scrape for: https://a.co/d/5iI3Gr7
2025-07-30 20:54:54,822 - __main__ - INFO - Resolving short URL: https://a.co/d/5iI3Gr7
2025-07-30 20:54:56,890 - __main__ - INFO - Resolved to: https://www.amazon.ca/dp/B0CN9RQCDC?ref=cm_sw_r_cso_cp_apan_dp_DHERHSG8Q05XTM941NFM&ref_=cm_sw_r_cso_cp_apan_dp_DHERHSG8Q05XTM941NFM&social_share=cm_sw_r_cso_cp_apan_dp_DHERHSG8Q05XTM941NFM
2025-07-30 20:55:02,695 - __main__ - INFO - Successfully fetched: https://www.amazon.ca/dp/B0CN9RQCDC?ref=cm_sw_r_cso_cp_apan_dp_DHERHSG8Q05XTM941NFM&ref_=cm_sw_r_cso_cp_apan_dp_DHERHSG8Q05XTM941NFM&social_share=cm_sw_r_cso_cp_apan_dp_DHERHSG8Q05XTM941NFM
2025-07-30 20:55:02,872 - __main__ - INFO - Extracted ASIN from URL: B0CN9RQCDC
2025-07-30 20:55:03,015 - __main__ - INFO - Product B0CN9RQCDC: All critical fields validated
2025-07-30 20:55:03,015 - __main__ - INFO - ✅ Successfully scraped: B0CN9RQCDC - Status: Scraped
2025-07-30 20:55:03,419 - __main__ - INFO - ✅ Record recj9CixwOaZmNP1U updated with status: Scraped / Scraped
2025-07-30 20:55:09,373 - __main__ - INFO - 
--- Processing Record 17/57 (ID: recvI9tFgCm21reTQ) ---
2025-07-30 20:55:09,374 - __main__ - INFO - 🚀 Starting scrape for: https://www.homedepot.ca/product/ecosmart-led-b11-e12-60w-equivalent-candelabra-light-bulb-dimmable-soft-white-2700k-2900k-4-pack-/1001040499
2025-07-30 20:55:09,695 - __main__ - INFO - ✅ Record recvI9tFgCm21reTQ updated with status: Needs Attention / Failed (Not a valid Amazon URL)
2025-07-30 20:55:16,336 - __main__ - INFO - 
--- Processing Record 18/57 (ID: rec20H79jJcExyxYQ) ---
2025-07-30 20:55:16,337 - __main__ - INFO - 🚀 Starting scrape for: https://a.co/d/eGB7rFf
2025-07-30 20:55:16,337 - __main__ - INFO - Resolving short URL: https://a.co/d/eGB7rFf
2025-07-30 20:55:18,047 - __main__ - INFO - Resolved to: https://www.amazon.ca/dp/B0C8FR95WC?ref=cm_sw_r_cp_ud_dp_520S5WNYPCMM3BXXJJV7_1&ref_=cm_sw_r_cp_ud_dp_520S5WNYPCMM3BXXJJV7_1&social_share=cm_sw_r_cp_ud_dp_520S5WNYPCMM3BXXJJV7_1
2025-07-30 20:55:22,769 - __main__ - INFO - Successfully fetched: https://www.amazon.ca/dp/B0C8FR95WC?ref=cm_sw_r_cp_ud_dp_520S5WNYPCMM3BXXJJV7_1&ref_=cm_sw_r_cp_ud_dp_520S5WNYPCMM3BXXJJV7_1&social_share=cm_sw_r_cp_ud_dp_520S5WNYPCMM3BXXJJV7_1
2025-07-30 20:55:22,845 - __main__ - INFO - Extracted ASIN from URL: B0C8FR95WC
2025-07-30 20:55:22,941 - __main__ - INFO - Product B0C8FR95WC: All critical fields validated
2025-07-30 20:55:22,941 - __main__ - INFO - ✅ Successfully scraped: B0C8FR95WC - Status: Scraped
2025-07-30 20:55:23,515 - __main__ - INFO - ✅ Record rec20H79jJcExyxYQ updated with status: Scraped / Scraped
2025-07-30 20:55:29,138 - __main__ - INFO - 
--- Processing Record 19/57 (ID: rec6l5UbBxNFhdY9C) ---
2025-07-30 20:55:29,139 - __main__ - INFO - 🚀 Starting scrape for: https://a.co/d/aYHp4cW
2025-07-30 20:55:29,139 - __main__ - INFO - Resolving short URL: https://a.co/d/aYHp4cW
2025-07-30 20:55:30,999 - __main__ - INFO - Resolved to: https://www.amazon.ca/dp/B0C7QR5WRR?ref=cm_sw_r_cso_cp_apan_dp_C3Y914VBV57J0DPKYFTJ&ref_=cm_sw_r_cso_cp_apan_dp_C3Y914VBV57J0DPKYFTJ&social_share=cm_sw_r_cso_cp_apan_dp_C3Y914VBV57J0DPKYFTJ
2025-07-30 20:55:36,978 - __main__ - INFO - Successfully fetched: https://www.amazon.ca/dp/B0C7QR5WRR?ref=cm_sw_r_cso_cp_apan_dp_C3Y914VBV57J0DPKYFTJ&ref_=cm_sw_r_cso_cp_apan_dp_C3Y914VBV57J0DPKYFTJ&social_share=cm_sw_r_cso_cp_apan_dp_C3Y914VBV57J0DPKYFTJ
2025-07-30 20:55:37,090 - __main__ - INFO - Extracted ASIN from URL: B0C7QR5WRR
2025-07-30 20:55:37,199 - __main__ - WARNING - Product B0C7QR5WRR: Missing fields - description
2025-07-30 20:55:37,199 - __main__ - INFO - ✅ Successfully scraped: B0C7QR5WRR - Status: Needs Attention
2025-07-30 20:55:37,813 - __main__ - INFO - ✅ Record rec6l5UbBxNFhdY9C updated with status: Needs Attention / Needs Attention (Missing: description)
2025-07-30 20:55:42,322 - __main__ - INFO - 
--- Processing Record 20/57 (ID: reczA02C4a6OPHB0j) ---
2025-07-30 20:55:42,323 - __main__ - INFO - 🚀 Starting scrape for: https://a.co/d/ctWNTLO
2025-07-30 20:55:42,324 - __main__ - INFO - Resolving short URL: https://a.co/d/ctWNTLO
2025-07-30 20:55:44,058 - __main__ - INFO - Resolved to: https://www.amazon.ca/dp/B00EZVM8PU?ref=cm_sw_r_cso_cp_mwn_dp_KZZTDAF3J0BVM7VSYSV0&ref_=cm_sw_r_cso_cp_mwn_dp_KZZTDAF3J0BVM7VSYSV0&social_share=cm_sw_r_cso_cp_mwn_dp_KZZTDAF3J0BVM7VSYSV0
2025-07-30 20:55:49,542 - __main__ - INFO - Successfully fetched: https://www.amazon.ca/dp/B00EZVM8PU?ref=cm_sw_r_cso_cp_mwn_dp_KZZTDAF3J0BVM7VSYSV0&ref_=cm_sw_r_cso_cp_mwn_dp_KZZTDAF3J0BVM7VSYSV0&social_share=cm_sw_r_cso_cp_mwn_dp_KZZTDAF3J0BVM7VSYSV0
2025-07-30 20:55:49,646 - __main__ - INFO - Extracted ASIN from URL: B00EZVM8PU
2025-07-30 20:55:49,720 - __main__ - INFO - Product B00EZVM8PU: All critical fields validated
2025-07-30 20:55:49,721 - __main__ - INFO - ✅ Successfully scraped: B00EZVM8PU - Status: Scraped
2025-07-30 20:55:50,061 - __main__ - INFO - ✅ Record reczA02C4a6OPHB0j updated with status: Scraped / Scraped
2025-07-30 20:55:57,876 - __main__ - INFO - 
--- Processing Record 21/57 (ID: recozXbYztECazju5) ---
2025-07-30 20:55:57,877 - __main__ - INFO - 🚀 Starting scrape for: https://a.co/d/gOLmAIq
2025-07-30 20:55:57,877 - __main__ - INFO - Resolving short URL: https://a.co/d/gOLmAIq
2025-07-30 20:55:59,674 - __main__ - INFO - Resolved to: https://www.amazon.ca/dp/B000RO6R5Q?ref=cm_sw_r_cso_cp_mwn_dp_5QFV2D9A5DSE4E6RZ1TM&ref_=cm_sw_r_cso_cp_mwn_dp_5QFV2D9A5DSE4E6RZ1TM&social_share=cm_sw_r_cso_cp_mwn_dp_5QFV2D9A5DSE4E6RZ1TM
2025-07-30 20:56:03,567 - __main__ - INFO - Successfully fetched: https://www.amazon.ca/dp/B000RO6R5Q?ref=cm_sw_r_cso_cp_mwn_dp_5QFV2D9A5DSE4E6RZ1TM&ref_=cm_sw_r_cso_cp_mwn_dp_5QFV2D9A5DSE4E6RZ1TM&social_share=cm_sw_r_cso_cp_mwn_dp_5QFV2D9A5DSE4E6RZ1TM
2025-07-30 20:56:03,657 - __main__ - INFO - Extracted ASIN from URL: B000RO6R5Q
2025-07-30 20:56:03,745 - __main__ - WARNING - Product B000RO6R5Q: Missing fields - description
2025-07-30 20:56:03,746 - __main__ - INFO - ✅ Successfully scraped: B000RO6R5Q - Status: Needs Attention
2025-07-30 20:56:04,157 - __main__ - INFO - ✅ Record recozXbYztECazju5 updated with status: Needs Attention / Needs Attention (Missing: description)
2025-07-30 20:56:08,492 - __main__ - INFO - 
--- Processing Record 22/57 (ID: reczNj72ghXDrM0bT) ---
2025-07-30 20:56:08,492 - __main__ - INFO - 🚀 Starting scrape for: https://www.walmart.ca/en/ip/Infinity-X1-LED-Utility-Light-10-000-Lumens/1B36BP2AY1CC
2025-07-30 20:56:08,800 - __main__ - INFO - ✅ Record reczNj72ghXDrM0bT updated with status: Needs Attention / Failed (Not a valid Amazon URL)
2025-07-30 20:56:16,427 - __main__ - INFO - 
--- Processing Record 23/57 (ID: recMkmHTVtPGlHEnU) ---
2025-07-30 20:56:16,428 - __main__ - INFO - 🚀 Starting scrape for: https://a.co/d/6W5NxJY
2025-07-30 20:56:16,429 - __main__ - INFO - Resolving short URL: https://a.co/d/6W5NxJY
2025-07-30 20:56:18,512 - __main__ - INFO - Resolved to: https://www.amazon.ca/dp/B07GJM2DXJ?ref=cm_sw_r_cp_ud_dp_2DMNPJHF4H88NBF7DMGW&ref_=cm_sw_r_cp_ud_dp_2DMNPJHF4H88NBF7DMGW&social_share=cm_sw_r_cp_ud_dp_2DMNPJHF4H88NBF7DMGW
2025-07-30 20:56:23,435 - __main__ - INFO - Successfully fetched: https://www.amazon.ca/dp/B07GJM2DXJ?ref=cm_sw_r_cp_ud_dp_2DMNPJHF4H88NBF7DMGW&ref_=cm_sw_r_cp_ud_dp_2DMNPJHF4H88NBF7DMGW&social_share=cm_sw_r_cp_ud_dp_2DMNPJHF4H88NBF7DMGW
2025-07-30 20:56:23,633 - __main__ - INFO - Extracted ASIN from URL: B07GJM2DXJ
2025-07-30 20:56:23,742 - __main__ - INFO - Product B07GJM2DXJ: All critical fields validated
2025-07-30 20:56:23,742 - __main__ - INFO - ✅ Successfully scraped: B07GJM2DXJ - Status: Scraped
2025-07-30 20:56:24,198 - __main__ - INFO - ✅ Record recMkmHTVtPGlHEnU updated with status: Scraped / Scraped
2025-07-30 20:56:30,827 - __main__ - INFO - 
--- Processing Record 24/57 (ID: rectf7nzeGD9Ytldm) ---
2025-07-30 20:56:30,828 - __main__ - INFO - 🚀 Starting scrape for: https://a.co/d/asRikAE
2025-07-30 20:56:30,828 - __main__ - INFO - Resolving short URL: https://a.co/d/asRikAE
2025-07-30 20:56:32,850 - __main__ - INFO - Resolved to: https://www.amazon.ca/dp/B0BXMYH4PF?ref=cm_sw_r_cp_ud_dp_HF5MK03W2CY1NMZ2GMW1&ref_=cm_sw_r_cp_ud_dp_HF5MK03W2CY1NMZ2GMW1&social_share=cm_sw_r_cp_ud_dp_HF5MK03W2CY1NMZ2GMW1
2025-07-30 20:56:38,949 - __main__ - INFO - Successfully fetched: https://www.amazon.ca/dp/B0BXMYH4PF?ref=cm_sw_r_cp_ud_dp_HF5MK03W2CY1NMZ2GMW1&ref_=cm_sw_r_cp_ud_dp_HF5MK03W2CY1NMZ2GMW1&social_share=cm_sw_r_cp_ud_dp_HF5MK03W2CY1NMZ2GMW1
2025-07-30 20:56:39,212 - __main__ - INFO - Extracted ASIN from URL: B0BXMYH4PF
2025-07-30 20:56:39,327 - __main__ - INFO - Product B0BXMYH4PF: All critical fields validated
2025-07-30 20:56:39,327 - __main__ - INFO - ✅ Successfully scraped: B0BXMYH4PF - Status: Scraped
2025-07-30 20:56:39,764 - __main__ - INFO - ✅ Record rectf7nzeGD9Ytldm updated with status: Scraped / Scraped
2025-07-30 20:56:44,602 - __main__ - INFO - 
--- Processing Record 25/57 (ID: recONNdr6M2lIH1BH) ---
2025-07-30 20:56:44,603 - __main__ - WARNING - ⚠️ Skipping record: Product URL is empty.
2025-07-30 20:56:44,833 - __main__ - INFO - 
--- Processing Record 26/57 (ID: recjVfePvAeJKqZEy) ---
2025-07-30 20:56:44,833 - __main__ - INFO - 🚀 Starting scrape for: https://www.walmart.ca/en/ip/Tacklife-PMS01A-With-12-Pieces-Sandpapers-Power-Tools-Mouse-Sanders-12-000-rpm/4JLQC21HY5O7
2025-07-30 20:56:45,126 - __main__ - INFO - ✅ Record recjVfePvAeJKqZEy updated with status: Needs Attention / Failed (Not a valid Amazon URL)
2025-07-30 20:56:50,853 - __main__ - INFO - 
--- Processing Record 27/57 (ID: recv2j3mITaPO6Nk6) ---
2025-07-30 20:56:50,853 - __main__ - WARNING - ⚠️ Skipping record: Product URL is empty.
2025-07-30 20:56:51,169 - __main__ - INFO - 
--- Processing Record 28/57 (ID: recLJRIKRy3XkhYRY) ---
2025-07-30 20:56:51,169 - __main__ - INFO - 🚀 Starting scrape for: https://a.co/d/fPVgnW4
2025-07-30 20:56:51,170 - __main__ - INFO - Resolving short URL: https://a.co/d/fPVgnW4
2025-07-30 20:56:53,335 - __main__ - INFO - Resolved to: https://www.amazon.ca/dp/B07XB8ZTDS?ref=cm_sw_r_cp_ud_dp_XBSFCTGGMWZTHJ15FXCB&ref_=cm_sw_r_cp_ud_dp_XBSFCTGGMWZTHJ15FXCB&social_share=cm_sw_r_cp_ud_dp_XBSFCTGGMWZTHJ15FXCB
2025-07-30 20:56:57,228 - __main__ - INFO - Successfully fetched: https://www.amazon.ca/dp/B07XB8ZTDS?ref=cm_sw_r_cp_ud_dp_XBSFCTGGMWZTHJ15FXCB&ref_=cm_sw_r_cp_ud_dp_XBSFCTGGMWZTHJ15FXCB&social_share=cm_sw_r_cp_ud_dp_XBSFCTGGMWZTHJ15FXCB
2025-07-30 20:56:57,397 - __main__ - INFO - Extracted ASIN from URL: B07XB8ZTDS
2025-07-30 20:56:57,532 - __main__ - INFO - Product B07XB8ZTDS: All critical fields validated
2025-07-30 20:56:57,533 - __main__ - INFO - ✅ Successfully scraped: B07XB8ZTDS - Status: Scraped
2025-07-30 20:56:58,039 - __main__ - INFO - ✅ Record recLJRIKRy3XkhYRY updated with status: Scraped / Scraped
2025-07-30 20:57:03,819 - __main__ - INFO - 
--- Processing Record 29/57 (ID: rec4mRn4z3aUtMO1Q) ---
2025-07-30 20:57:03,820 - __main__ - INFO - 🚀 Starting scrape for: https://www.walmart.ca/en/ip/SONY-Zx-Series-Stereo-Over-Ear-Headphones/6000189452777?selectedSellerId=0&wl13=3064&cmpid=SEM_CA_48713_9DZ3QHIY72&utm_id=SEM_CA_48713_9DZ3QHIY72&utm_medium=paid_search&utm_source=google&utm_campaign=always_on&gad_source=1&gad_campaignid=21813962781&gbraid=0AAAAADv6L0SWq9GfrWMVdYpIYJPsjPYBM&gclid=Cj0KCQjws4fEBhD-ARIsACC3d29MkZBuAwbntSArTZA9m8HYoWEy9axOqonaSncqQncVbPVJI-gHgdQaArR8EALw_wcB&gclsrc=aw.ds
2025-07-30 20:57:04,119 - __main__ - INFO - ✅ Record rec4mRn4z3aUtMO1Q updated with status: Needs Attention / Failed (Not a valid Amazon URL)
2025-07-30 20:57:11,169 - __main__ - INFO - 
--- Processing Record 30/57 (ID: recLF2rQujS8c5erq) ---
2025-07-30 20:57:11,170 - __main__ - INFO - 🚀 Starting scrape for: https://a.co/d/4tCAJPL
2025-07-30 20:57:11,171 - __main__ - INFO - Resolving short URL: https://a.co/d/4tCAJPL
2025-07-30 20:57:14,375 - __main__ - INFO - Resolved to: https://www.amazon.ca/dp/B0C5R1372W?_encoding=UTF8&psc=1&ref=cm_sw_r_cp_ud_dp_6KYSWGNKMXVN7EHBWBCY&ref_=cm_sw_r_cp_ud_dp_6KYSWGNKMXVN7EHBWBCY&social_share=cm_sw_r_cp_ud_dp_6KYSWGNKMXVN7EHBWBCY
2025-07-30 20:57:19,398 - __main__ - INFO - Successfully fetched: https://www.amazon.ca/dp/B0C5R1372W?_encoding=UTF8&psc=1&ref=cm_sw_r_cp_ud_dp_6KYSWGNKMXVN7EHBWBCY&ref_=cm_sw_r_cp_ud_dp_6KYSWGNKMXVN7EHBWBCY&social_share=cm_sw_r_cp_ud_dp_6KYSWGNKMXVN7EHBWBCY
2025-07-30 20:57:19,550 - __main__ - INFO - Extracted ASIN from URL: B0C5R1372W
2025-07-30 20:57:19,650 - __main__ - INFO - Product B0C5R1372W: All critical fields validated
2025-07-30 20:57:19,651 - __main__ - INFO - ✅ Successfully scraped: B0C5R1372W - Status: Scraped
2025-07-30 20:57:20,251 - __main__ - INFO - ✅ Record recLF2rQujS8c5erq updated with status: Scraped / Scraped
2025-07-30 20:57:24,954 - __main__ - INFO - 
--- Processing Record 31/57 (ID: recVSbD7TmAEMnOXo) ---
2025-07-30 20:57:24,955 - __main__ - INFO - 🚀 Starting scrape for: https://a.co/d/32bcOX7
2025-07-30 20:57:24,956 - __main__ - INFO - Resolving short URL: https://a.co/d/32bcOX7
2025-07-30 20:57:26,906 - __main__ - INFO - Resolved to: https://www.amazon.ca/dp/B0D2QFKS94?ref=cm_sw_r_cp_ud_dp_R0N4E819FF2AF08RQ4SF_1&ref_=cm_sw_r_cp_ud_dp_R0N4E819FF2AF08RQ4SF_1&social_share=cm_sw_r_cp_ud_dp_R0N4E819FF2AF08RQ4SF_1
2025-07-30 20:57:33,309 - __main__ - INFO - Successfully fetched: https://www.amazon.ca/dp/B0D2QFKS94?ref=cm_sw_r_cp_ud_dp_R0N4E819FF2AF08RQ4SF_1&ref_=cm_sw_r_cp_ud_dp_R0N4E819FF2AF08RQ4SF_1&social_share=cm_sw_r_cp_ud_dp_R0N4E819FF2AF08RQ4SF_1
2025-07-30 20:57:33,444 - __main__ - INFO - Extracted ASIN from URL: B0D2QFKS94
2025-07-30 20:57:33,534 - __main__ - INFO - Product B0D2QFKS94: All critical fields validated
2025-07-30 20:57:33,534 - __main__ - INFO - ✅ Successfully scraped: B0D2QFKS94 - Status: Scraped
2025-07-30 20:57:33,950 - __main__ - INFO - ✅ Record recVSbD7TmAEMnOXo updated with status: Scraped / Scraped
2025-07-30 20:57:39,691 - __main__ - INFO - 
--- Processing Record 32/57 (ID: recJvtuZT2vGz9oLp) ---
2025-07-30 20:57:39,692 - __main__ - INFO - 🚀 Starting scrape for: https://www.amazon.ca/Spinbrush-Battery-Electric-Toothbrush-Bristles/dp/B0DP197GVY/ref=sr_1_6?dib=eyJ2IjoiMSJ9.JNMhUasnO1jplgOsR1X5xWKvtEMnivl6fHifzjJkRI11JBw76KOeMh61-IG5RRl9RiHQb89zq06C3071MjMkcFjxPHaipmrbwGUDJul0PmkVWFHXqyBum7ntEbjzRsJmNPS98dcuhzrRtkulOWVG0-IadlomL4moXJm5fSUsKAwjkwWvIEC7c2H_Mb0IbFy9ezF9dLbhiEGyVoRCiLmuZawaf_6GcMFqY_sHVSgw-On3mYGTpooclJ-8UVGz3bOMnOt-eJWvNmlMaOgpCNZ3kkfQxBej67wHsZZka1LDSi4.n8mBIcrYk_87PnVr1uhguCDs_dfcfkxGWgOOFmokjFI&dib_tag=se&gad_source=1&hvadid=604666948526&hvdev=c&hvexpln=0&hvlocphy=9000834&hvnetw=g&hvocijid=8966574772888988636--&hvqmt=e&hvrand=8966574772888988636&hvtargid=kwd-297523371316&hydadcr=2414_13517914&keywords=spinbrush%2Bpro%2Bclean&mcid=74ff694d04263c87ab7400bb04774abd&qid=1753462176&sr=8-6&th=1
2025-07-30 20:57:43,776 - __main__ - INFO - Successfully fetched: https://www.amazon.ca/Spinbrush-Battery-Electric-Toothbrush-Bristles/dp/B0DP197GVY/ref=sr_1_6?dib=eyJ2IjoiMSJ9.JNMhUasnO1jplgOsR1X5xWKvtEMnivl6fHifzjJkRI11JBw76KOeMh61-IG5RRl9RiHQb89zq06C3071MjMkcFjxPHaipmrbwGUDJul0PmkVWFHXqyBum7ntEbjzRsJmNPS98dcuhzrRtkulOWVG0-IadlomL4moXJm5fSUsKAwjkwWvIEC7c2H_Mb0IbFy9ezF9dLbhiEGyVoRCiLmuZawaf_6GcMFqY_sHVSgw-On3mYGTpooclJ-8UVGz3bOMnOt-eJWvNmlMaOgpCNZ3kkfQxBej67wHsZZka1LDSi4.n8mBIcrYk_87PnVr1uhguCDs_dfcfkxGWgOOFmokjFI&dib_tag=se&gad_source=1&hvadid=604666948526&hvdev=c&hvexpln=0&hvlocphy=9000834&hvnetw=g&hvocijid=8966574772888988636--&hvqmt=e&hvrand=8966574772888988636&hvtargid=kwd-297523371316&hydadcr=2414_13517914&keywords=spinbrush%2Bpro%2Bclean&mcid=74ff694d04263c87ab7400bb04774abd&qid=1753462176&sr=8-6&th=1
2025-07-30 20:57:43,965 - __main__ - INFO - Extracted ASIN from URL: B0DP197GVY
2025-07-30 20:57:44,057 - __main__ - INFO - Product B0DP197GVY: All critical fields validated
2025-07-30 20:57:44,058 - __main__ - INFO - ✅ Successfully scraped: B0DP197GVY - Status: Scraped
2025-07-30 20:57:44,495 - __main__ - INFO - ✅ Record recJvtuZT2vGz9oLp updated with status: Scraped / Scraped
2025-07-30 20:57:51,444 - __main__ - INFO - 
--- Processing Record 33/57 (ID: recqJfmzXKJitw4cr) ---
2025-07-30 20:57:51,445 - __main__ - INFO - 🚀 Starting scrape for: https://a.co/d/0GLXKYR
2025-07-30 20:57:51,445 - __main__ - INFO - Resolving short URL: https://a.co/d/0GLXKYR
2025-07-30 20:57:53,497 - __main__ - INFO - Resolved to: https://www.amazon.ca/dp/B09NNFVJRJ?ref=cm_sw_r_cp_ud_dp_WE1DHM1T0H5GM51QRYEA&ref_=cm_sw_r_cp_ud_dp_WE1DHM1T0H5GM51QRYEA&social_share=cm_sw_r_cp_ud_dp_WE1DHM1T0H5GM51QRYEA
2025-07-30 20:57:59,785 - __main__ - INFO - Successfully fetched: https://www.amazon.ca/dp/B09NNFVJRJ?ref=cm_sw_r_cp_ud_dp_WE1DHM1T0H5GM51QRYEA&ref_=cm_sw_r_cp_ud_dp_WE1DHM1T0H5GM51QRYEA&social_share=cm_sw_r_cp_ud_dp_WE1DHM1T0H5GM51QRYEA
2025-07-30 20:57:59,914 - __main__ - INFO - Extracted ASIN from URL: B09NNFVJRJ
2025-07-30 20:58:00,035 - __main__ - INFO - Product B09NNFVJRJ: All critical fields validated
2025-07-30 20:58:00,036 - __main__ - INFO - ✅ Successfully scraped: B09NNFVJRJ - Status: Scraped
2025-07-30 20:58:00,528 - __main__ - INFO - ✅ Record recqJfmzXKJitw4cr updated with status: Scraped / Scraped
2025-07-30 20:58:04,854 - __main__ - INFO - 
--- Processing Record 34/57 (ID: recR5meC6KMPXSnyC) ---
2025-07-30 20:58:04,855 - __main__ - INFO - 🚀 Starting scrape for: https://a.co/d/fYdRoL4
2025-07-30 20:58:04,855 - __main__ - INFO - Resolving short URL: https://a.co/d/fYdRoL4
2025-07-30 20:58:06,791 - __main__ - INFO - Resolved to: https://www.amazon.ca/dp/B0BWT87Z73?ref=cm_sw_r_cp_ud_dp_WSZT2GVMN9EP2B5SDAGW&ref_=cm_sw_r_cp_ud_dp_WSZT2GVMN9EP2B5SDAGW&social_share=cm_sw_r_cp_ud_dp_WSZT2GVMN9EP2B5SDAGW
2025-07-30 20:58:13,353 - __main__ - INFO - Successfully fetched: https://www.amazon.ca/dp/B0BWT87Z73?ref=cm_sw_r_cp_ud_dp_WSZT2GVMN9EP2B5SDAGW&ref_=cm_sw_r_cp_ud_dp_WSZT2GVMN9EP2B5SDAGW&social_share=cm_sw_r_cp_ud_dp_WSZT2GVMN9EP2B5SDAGW
2025-07-30 20:58:13,475 - __main__ - INFO - Extracted ASIN from URL: B0BWT87Z73
2025-07-30 20:58:13,568 - __main__ - INFO - Product B0BWT87Z73: All critical fields validated
2025-07-30 20:58:13,569 - __main__ - INFO - ✅ Successfully scraped: B0BWT87Z73 - Status: Scraped
2025-07-30 20:58:13,973 - __main__ - INFO - ✅ Record recR5meC6KMPXSnyC updated with status: Scraped / Scraped
2025-07-30 20:58:20,419 - __main__ - INFO - 
--- Processing Record 35/57 (ID: recTVQA1FfMtw0hCv) ---
2025-07-30 20:58:20,420 - __main__ - INFO - 🚀 Starting scrape for: https://www.amazon.ca/Bracwiser-Monitor-Adjustable-Computer-MD7421W/dp/B0BRXK76N8?th=1
2025-07-30 20:58:26,107 - __main__ - INFO - Successfully fetched: https://www.amazon.ca/Bracwiser-Monitor-Adjustable-Computer-MD7421W/dp/B0BRXK76N8?th=1
2025-07-30 20:58:26,252 - __main__ - INFO - Extracted ASIN from URL: B0BRXK76N8
2025-07-30 20:58:26,351 - __main__ - INFO - Product B0BRXK76N8: All critical fields validated
2025-07-30 20:58:26,351 - __main__ - INFO - ✅ Successfully scraped: B0BRXK76N8 - Status: Scraped
2025-07-30 20:58:26,845 - __main__ - INFO - ✅ Record recTVQA1FfMtw0hCv updated with status: Scraped / Scraped
2025-07-30 20:58:32,764 - __main__ - INFO - 
--- Processing Record 36/57 (ID: recmnVifv6OHquazj) ---
2025-07-30 20:58:32,765 - __main__ - INFO - 🚀 Starting scrape for: https://a.co/d/ebYGwWN
2025-07-30 20:58:32,766 - __main__ - INFO - Resolving short URL: https://a.co/d/ebYGwWN
2025-07-30 20:58:34,942 - __main__ - INFO - Resolved to: https://www.amazon.ca/dp/B00E0IBKLQ?ref=cm_sw_r_cso_cp_mwn_dp_XC3K5ATN0VXJJMNS8KB5&ref_=cm_sw_r_cso_cp_mwn_dp_XC3K5ATN0VXJJMNS8KB5&social_share=cm_sw_r_cso_cp_mwn_dp_XC3K5ATN0VXJJMNS8KB5
2025-07-30 20:58:40,627 - __main__ - INFO - Successfully fetched: https://www.amazon.ca/dp/B00E0IBKLQ?ref=cm_sw_r_cso_cp_mwn_dp_XC3K5ATN0VXJJMNS8KB5&ref_=cm_sw_r_cso_cp_mwn_dp_XC3K5ATN0VXJJMNS8KB5&social_share=cm_sw_r_cso_cp_mwn_dp_XC3K5ATN0VXJJMNS8KB5
2025-07-30 20:58:40,933 - __main__ - INFO - Extracted ASIN from URL: B00E0IBKLQ
2025-07-30 20:58:41,036 - __main__ - INFO - Product B00E0IBKLQ: All critical fields validated
2025-07-30 20:58:41,037 - __main__ - INFO - ✅ Successfully scraped: B00E0IBKLQ - Status: Scraped
2025-07-30 20:58:41,451 - __main__ - INFO - ✅ Record recmnVifv6OHquazj updated with status: Scraped / Scraped
2025-07-30 20:58:46,493 - __main__ - INFO - 
--- Processing Record 37/57 (ID: rec8GR42wa20Lmron) ---
2025-07-30 20:58:46,494 - __main__ - INFO - 🚀 Starting scrape for: https://www.amazon.ca/Immersion-Handheld-Bonsenkitchen-Stainless-Smoothies/dp/B09SHCHNNH/ref=sr_1_5_sspa?dib=eyJ2IjoiMSJ9.Ih478DLHTSesdJCcLzcL550zCeDdSCg7H3u_StkFOLOZFJkbrKXpQ7fP3WbIsE13EYBTdbSBYSRV8Ga2F6aTWTey4OgJLG5t3gggr1ER1EzQuQAjm6xgIx8B6T_QrI80qZ1CuyxqiQe22T-As2yU-D7B8OvBmOGBQp0jBVt-upc6lYtwsbeFcKHJwke03ovoK95R-a81CC0iZr5RKxYy7tHjNsNeCA3tad1teS3RJdvBf9Uo8mVGDqaWfOIGiBu8Ff0EyVfvrNDgdZKSYBvJh12Orx7iQeaJXKk-YjCQhjw.EKzXlQndTkq0vOfcVGANtiAyOmWOoCEjr1IZwvbV9_g&dib_tag=se&gad_source=1&hvadid=604666266434&hvdev=c&hvexpln=0&hvlocphy=9000834&hvnetw=g&hvocijid=3312182577525224637--&hvqmt=e&hvrand=3312182577525224637&hvtargid=kwd-427943389807&hydadcr=509_1015039765&keywords=hand%2Bblender%2Bwith%2Baccessories&mcid=00fc4692689d31f18553eaa3e25f68c8&qid=1753545048&sr=8-5-spons&sp_csd=d2lkZ2V0TmFtZT1zcF9hdGY&th=1
2025-07-30 20:58:52,681 - __main__ - INFO - Successfully fetched: https://www.amazon.ca/Immersion-Handheld-Bonsenkitchen-Stainless-Smoothies/dp/B09SHCHNNH/ref=sr_1_5_sspa?dib=eyJ2IjoiMSJ9.Ih478DLHTSesdJCcLzcL550zCeDdSCg7H3u_StkFOLOZFJkbrKXpQ7fP3WbIsE13EYBTdbSBYSRV8Ga2F6aTWTey4OgJLG5t3gggr1ER1EzQuQAjm6xgIx8B6T_QrI80qZ1CuyxqiQe22T-As2yU-D7B8OvBmOGBQp0jBVt-upc6lYtwsbeFcKHJwke03ovoK95R-a81CC0iZr5RKxYy7tHjNsNeCA3tad1teS3RJdvBf9Uo8mVGDqaWfOIGiBu8Ff0EyVfvrNDgdZKSYBvJh12Orx7iQeaJXKk-YjCQhjw.EKzXlQndTkq0vOfcVGANtiAyOmWOoCEjr1IZwvbV9_g&dib_tag=se&gad_source=1&hvadid=604666266434&hvdev=c&hvexpln=0&hvlocphy=9000834&hvnetw=g&hvocijid=3312182577525224637--&hvqmt=e&hvrand=3312182577525224637&hvtargid=kwd-427943389807&hydadcr=509_1015039765&keywords=hand%2Bblender%2Bwith%2Baccessories&mcid=00fc4692689d31f18553eaa3e25f68c8&qid=1753545048&sr=8-5-spons&sp_csd=d2lkZ2V0TmFtZT1zcF9hdGY&th=1
2025-07-30 20:58:52,807 - __main__ - INFO - Extracted ASIN from URL: B09SHCHNNH
2025-07-30 20:58:52,902 - __main__ - INFO - Product B09SHCHNNH: All critical fields validated
2025-07-30 20:58:52,903 - __main__ - INFO - ✅ Successfully scraped: B09SHCHNNH - Status: Scraped
2025-07-30 20:58:53,343 - __main__ - INFO - ✅ Record rec8GR42wa20Lmron updated with status: Scraped / Scraped
2025-07-30 20:58:57,536 - __main__ - INFO - 
--- Processing Record 38/57 (ID: recpTqkAwUSE90zE9) ---
2025-07-30 20:58:57,537 - __main__ - INFO - 🚀 Starting scrape for: https://a.co/d/8pxqaqB
2025-07-30 20:58:57,537 - __main__ - INFO - Resolving short URL: https://a.co/d/8pxqaqB
2025-07-30 20:58:59,462 - __main__ - INFO - Resolved to: https://www.amazon.ca/dp/B0928Q3T42?_encoding=UTF8&psc=1&ref=cm_sw_r_cp_ud_dp_8QVAFNR27DMXH9KXMTV1&ref_=cm_sw_r_cp_ud_dp_8QVAFNR27DMXH9KXMTV1&social_share=cm_sw_r_cp_ud_dp_8QVAFNR27DMXH9KXMTV1
2025-07-30 20:59:05,941 - __main__ - INFO - Successfully fetched: https://www.amazon.ca/dp/B0928Q3T42?_encoding=UTF8&psc=1&ref=cm_sw_r_cp_ud_dp_8QVAFNR27DMXH9KXMTV1&ref_=cm_sw_r_cp_ud_dp_8QVAFNR27DMXH9KXMTV1&social_share=cm_sw_r_cp_ud_dp_8QVAFNR27DMXH9KXMTV1
2025-07-30 20:59:06,069 - __main__ - INFO - Extracted ASIN from URL: B0928Q3T42
2025-07-30 20:59:06,172 - __main__ - INFO - Product B0928Q3T42: All critical fields validated
2025-07-30 20:59:06,173 - __main__ - INFO - ✅ Successfully scraped: B0928Q3T42 - Status: Scraped
2025-07-30 20:59:06,631 - __main__ - INFO - ✅ Record recpTqkAwUSE90zE9 updated with status: Scraped / Scraped
2025-07-30 20:59:12,594 - __main__ - INFO - 
--- Processing Record 39/57 (ID: reczzgNwSESkvoMRY) ---
2025-07-30 20:59:12,594 - __main__ - INFO - 🚀 Starting scrape for: https://www.amazon.ca/10-Speed-Electric-Dishwasher-Safe-Attachments-SM-1551/dp/B089K6246V
2025-07-30 20:59:16,758 - __main__ - INFO - Successfully fetched: https://www.amazon.ca/10-Speed-Electric-Dishwasher-Safe-Attachments-SM-1551/dp/B089K6246V
2025-07-30 20:59:16,871 - __main__ - INFO - Extracted ASIN from URL: B089K6246V
2025-07-30 20:59:16,960 - __main__ - INFO - Product B089K6246V: All critical fields validated
2025-07-30 20:59:16,961 - __main__ - INFO - ✅ Successfully scraped: B089K6246V - Status: Scraped
2025-07-30 20:59:17,426 - __main__ - INFO - ✅ Record reczzgNwSESkvoMRY updated with status: Scraped / Scraped
2025-07-30 20:59:22,427 - __main__ - INFO - 
--- Processing Record 40/57 (ID: recEpAdeMLRZUV7WC) ---
2025-07-30 20:59:22,428 - __main__ - INFO - 🚀 Starting scrape for: https://a.co/d/0mxpoAD
2025-07-30 20:59:22,429 - __main__ - INFO - Resolving short URL: https://a.co/d/0mxpoAD
2025-07-30 20:59:24,886 - __main__ - INFO - Resolved to: https://www.amazon.com/dp/B0D1XPXGBN?ref=cm_sw_r_cp_ud_dp_F2CQH90KM89A1GFGR7RX&ref_=cm_sw_r_cp_ud_dp_F2CQH90KM89A1GFGR7RX&social_share=cm_sw_r_cp_ud_dp_F2CQH90KM89A1GFGR7RX&csmig=1
2025-07-30 20:59:30,066 - __main__ - INFO - Successfully fetched: https://www.amazon.com/dp/B0D1XPXGBN?ref=cm_sw_r_cp_ud_dp_F2CQH90KM89A1GFGR7RX&ref_=cm_sw_r_cp_ud_dp_F2CQH90KM89A1GFGR7RX&social_share=cm_sw_r_cp_ud_dp_F2CQH90KM89A1GFGR7RX&csmig=1
2025-07-30 20:59:30,203 - __main__ - INFO - Extracted ASIN from URL: B0D1XPXGBN
2025-07-30 20:59:30,297 - __main__ - INFO - Product B0D1XPXGBN: All critical fields validated
2025-07-30 20:59:30,298 - __main__ - INFO - ✅ Successfully scraped: B0D1XPXGBN - Status: Scraped
2025-07-30 20:59:30,738 - __main__ - INFO - ✅ Record recEpAdeMLRZUV7WC updated with status: Scraped / Scraped
2025-07-30 20:59:37,217 - __main__ - INFO - 
--- Processing Record 41/57 (ID: recmpPEi39wi5Af8U) ---
2025-07-30 20:59:37,218 - __main__ - INFO - 🚀 Starting scrape for: https://www.amazon.ca/Protection-Removable-Stainless-Adjustable-Thickness/dp/B07TSDQB33?th=1
2025-07-30 20:59:41,321 - __main__ - INFO - Successfully fetched: https://www.amazon.ca/Protection-Removable-Stainless-Adjustable-Thickness/dp/B07TSDQB33?th=1
2025-07-30 20:59:41,444 - __main__ - INFO - Extracted ASIN from URL: B07TSDQB33
2025-07-30 20:59:41,541 - __main__ - INFO - Product B07TSDQB33: All critical fields validated
2025-07-30 20:59:41,541 - __main__ - INFO - ✅ Successfully scraped: B07TSDQB33 - Status: Scraped
2025-07-30 20:59:41,965 - __main__ - INFO - ✅ Record recmpPEi39wi5Af8U updated with status: Scraped / Scraped
2025-07-30 20:59:48,894 - __main__ - INFO - 
--- Processing Record 42/57 (ID: recVxP3PZFrXkXmGi) ---
2025-07-30 20:59:48,895 - __main__ - INFO - 🚀 Starting scrape for: https://a.co/d/1YR6tjC
2025-07-30 20:59:48,895 - __main__ - INFO - Resolving short URL: https://a.co/d/1YR6tjC
2025-07-30 20:59:51,099 - __main__ - INFO - Resolved to: https://www.amazon.ca/dp/B096Z3PZHR?ref=cm_sw_r_cp_ud_dp_JZDGSKADHAN8F7SB0645&ref_=cm_sw_r_cp_ud_dp_JZDGSKADHAN8F7SB0645&social_share=cm_sw_r_cp_ud_dp_JZDGSKADHAN8F7SB0645
2025-07-30 20:59:55,939 - __main__ - INFO - Successfully fetched: https://www.amazon.ca/dp/B096Z3PZHR?ref=cm_sw_r_cp_ud_dp_JZDGSKADHAN8F7SB0645&ref_=cm_sw_r_cp_ud_dp_JZDGSKADHAN8F7SB0645&social_share=cm_sw_r_cp_ud_dp_JZDGSKADHAN8F7SB0645
2025-07-30 20:59:56,043 - __main__ - INFO - Extracted ASIN from URL: B096Z3PZHR
2025-07-30 20:59:56,131 - __main__ - INFO - Product B096Z3PZHR: All critical fields validated
2025-07-30 20:59:56,132 - __main__ - INFO - ✅ Successfully scraped: B096Z3PZHR - Status: Scraped
2025-07-30 20:59:56,668 - __main__ - INFO - ✅ Record recVxP3PZFrXkXmGi updated with status: Scraped / Scraped
2025-07-30 21:00:03,810 - __main__ - INFO - 
--- Processing Record 43/57 (ID: reczGxHQ2dSZfWa34) ---
2025-07-30 21:00:03,810 - __main__ - INFO - 🚀 Starting scrape for: https://www.amazon.com/Therapy-Cooler-Cryotherapy-Surgery-Injuries/dp/B0CGR9NB6Y
2025-07-30 21:00:10,024 - __main__ - INFO - Successfully fetched: https://www.amazon.com/Therapy-Cooler-Cryotherapy-Surgery-Injuries/dp/B0CGR9NB6Y
2025-07-30 21:00:10,121 - __main__ - INFO - Extracted ASIN from URL: B0CGR9NB6Y
2025-07-30 21:00:10,224 - __main__ - WARNING - Product B0CGR9NB6Y: Missing fields - description
2025-07-30 21:00:10,224 - __main__ - INFO - ✅ Successfully scraped: B0CGR9NB6Y - Status: Needs Attention
2025-07-30 21:00:10,629 - __main__ - INFO - ✅ Record reczGxHQ2dSZfWa34 updated with status: Needs Attention / Needs Attention (Missing: description)
2025-07-30 21:00:16,021 - __main__ - INFO - 
--- Processing Record 44/57 (ID: recvA5e6n4Wlw6I8S) ---
2025-07-30 21:00:16,021 - __main__ - INFO - 🚀 Starting scrape for: https://a.co/d/g4IzuhP
2025-07-30 21:00:16,022 - __main__ - INFO - Resolving short URL: https://a.co/d/g4IzuhP
2025-07-30 21:00:18,140 - __main__ - INFO - Resolved to: https://www.amazon.ca/dp/B0CJNGV782?ref=cm_sw_r_cso_cp_apan_dp_34TA16K27Z1QVVEF933B&ref_=cm_sw_r_cso_cp_apan_dp_34TA16K27Z1QVVEF933B&social_share=cm_sw_r_cso_cp_apan_dp_34TA16K27Z1QVVEF933B
2025-07-30 21:00:22,644 - __main__ - INFO - Successfully fetched: https://www.amazon.ca/dp/B0CJNGV782?ref=cm_sw_r_cso_cp_apan_dp_34TA16K27Z1QVVEF933B&ref_=cm_sw_r_cso_cp_apan_dp_34TA16K27Z1QVVEF933B&social_share=cm_sw_r_cso_cp_apan_dp_34TA16K27Z1QVVEF933B
2025-07-30 21:00:22,921 - __main__ - INFO - Extracted ASIN from URL: B0CJNGV782
2025-07-30 21:00:23,012 - __main__ - INFO - Product B0CJNGV782: All critical fields validated
2025-07-30 21:00:23,013 - __main__ - INFO - ✅ Successfully scraped: B0CJNGV782 - Status: Scraped
2025-07-30 21:00:23,510 - __main__ - INFO - ✅ Record recvA5e6n4Wlw6I8S updated with status: Scraped / Scraped
2025-07-30 21:00:29,441 - __main__ - INFO - 
--- Processing Record 45/57 (ID: recMMBY7q0OJObAgn) ---
2025-07-30 21:00:29,442 - __main__ - INFO - 🚀 Starting scrape for: https://a.co/d/fqTkT9y
2025-07-30 21:00:29,442 - __main__ - INFO - Resolving short URL: https://a.co/d/fqTkT9y
2025-07-30 21:00:31,367 - __main__ - INFO - Resolved to: https://www.amazon.ca/dp/B0B6RCY7L2?ref=cm_sw_r_cp_ud_dp_5FMNYECQGQ98M2ZB34PM&ref_=cm_sw_r_cp_ud_dp_5FMNYECQGQ98M2ZB34PM&social_share=cm_sw_r_cp_ud_dp_5FMNYECQGQ98M2ZB34PM
2025-07-30 21:00:35,766 - __main__ - INFO - Successfully fetched: https://www.amazon.ca/dp/B0B6RCY7L2?ref=cm_sw_r_cp_ud_dp_5FMNYECQGQ98M2ZB34PM&ref_=cm_sw_r_cp_ud_dp_5FMNYECQGQ98M2ZB34PM&social_share=cm_sw_r_cp_ud_dp_5FMNYECQGQ98M2ZB34PM
2025-07-30 21:00:35,853 - __main__ - INFO - Extracted ASIN from URL: B0B6RCY7L2
2025-07-30 21:00:35,937 - __main__ - INFO - Product B0B6RCY7L2: All critical fields validated
2025-07-30 21:00:35,938 - __main__ - INFO - ✅ Successfully scraped: B0B6RCY7L2 - Status: Scraped
2025-07-30 21:00:36,352 - __main__ - INFO - ✅ Record recMMBY7q0OJObAgn updated with status: Scraped / Scraped
2025-07-30 21:00:40,575 - __main__ - INFO - 
--- Processing Record 46/57 (ID: recXcb4Cy6v7Htm10) ---
2025-07-30 21:00:40,576 - __main__ - INFO - 🚀 Starting scrape for: https://a.co/d/ieIZVPA
2025-07-30 21:00:40,577 - __main__ - INFO - Resolving short URL: https://a.co/d/ieIZVPA
2025-07-30 21:00:42,580 - __main__ - INFO - Resolved to: https://www.amazon.ca/dp/0593488547?ref=cm_sw_r_ffobk_cp_ud_dp_XSQQF9FWF09DD62Z964H&ref_=cm_sw_r_ffobk_cp_ud_dp_XSQQF9FWF09DD62Z964H&social_share=cm_sw_r_ffobk_cp_ud_dp_XSQQF9FWF09DD62Z964H&bestFormat=true
2025-07-30 21:00:49,063 - __main__ - INFO - Successfully fetched: https://www.amazon.ca/dp/0593488547?ref=cm_sw_r_ffobk_cp_ud_dp_XSQQF9FWF09DD62Z964H&ref_=cm_sw_r_ffobk_cp_ud_dp_XSQQF9FWF09DD62Z964H&social_share=cm_sw_r_ffobk_cp_ud_dp_XSQQF9FWF09DD62Z964H&bestFormat=true
2025-07-30 21:00:49,158 - __main__ - INFO - Extracted ASIN from URL: 0593488547
2025-07-30 21:00:49,225 - __main__ - WARNING - Product 0593488547: Missing fields - description, images
2025-07-30 21:00:49,226 - __main__ - INFO - ✅ Successfully scraped: 0593488547 - Status: Needs Attention
2025-07-30 21:00:49,620 - __main__ - INFO - ✅ Record recXcb4Cy6v7Htm10 updated with status: Needs Attention / Needs Attention (Missing: description, images)
2025-07-30 21:00:55,412 - __main__ - INFO - 
--- Processing Record 47/57 (ID: recjBxMFJsjUM0RGV) ---
2025-07-30 21:00:55,413 - __main__ - INFO - 🚀 Starting scrape for: https://a.co/d/ic46QKJ
2025-07-30 21:00:55,414 - __main__ - INFO - Resolving short URL: https://a.co/d/ic46QKJ
2025-07-30 21:00:57,503 - __main__ - INFO - Resolved to: https://www.amazon.ca/dp/0735266840?ref=cm_sw_r_ffobk_cp_ud_dp_2V3R3Q75AXTAS44HDD4B&ref_=cm_sw_r_ffobk_cp_ud_dp_2V3R3Q75AXTAS44HDD4B&social_share=cm_sw_r_ffobk_cp_ud_dp_2V3R3Q75AXTAS44HDD4B&bestFormat=true
2025-07-30 21:01:03,306 - __main__ - INFO - Successfully fetched: https://www.amazon.ca/dp/0735266840?ref=cm_sw_r_ffobk_cp_ud_dp_2V3R3Q75AXTAS44HDD4B&ref_=cm_sw_r_ffobk_cp_ud_dp_2V3R3Q75AXTAS44HDD4B&social_share=cm_sw_r_ffobk_cp_ud_dp_2V3R3Q75AXTAS44HDD4B&bestFormat=true
2025-07-30 21:01:03,421 - __main__ - INFO - Extracted ASIN from URL: 0735266840
2025-07-30 21:01:03,510 - __main__ - WARNING - Product 0735266840: Missing fields - description
2025-07-30 21:01:03,511 - __main__ - INFO - ✅ Successfully scraped: 0735266840 - Status: Needs Attention
2025-07-30 21:01:03,962 - __main__ - INFO - ✅ Record recjBxMFJsjUM0RGV updated with status: Needs Attention / Needs Attention (Missing: description)
2025-07-30 21:01:11,735 - __main__ - INFO - 
--- Processing Record 48/57 (ID: rec8dECoXnD1qO2GT) ---
2025-07-30 21:01:11,736 - __main__ - INFO - 🚀 Starting scrape for: https://a.co/d/gaBLbwV
2025-07-30 21:01:11,737 - __main__ - INFO - Resolving short URL: https://a.co/d/gaBLbwV
2025-07-30 21:01:13,625 - __main__ - INFO - Resolved to: https://www.amazon.ca/dp/B0CWQ6GL6W?ref=cm_sw_r_cp_ud_dp_MBMBWS3EYTFP8KMY8617_1&ref_=cm_sw_r_cp_ud_dp_MBMBWS3EYTFP8KMY8617_1&social_share=cm_sw_r_cp_ud_dp_MBMBWS3EYTFP8KMY8617_1
2025-07-30 21:01:19,153 - __main__ - INFO - Successfully fetched: https://www.amazon.ca/dp/B0CWQ6GL6W?ref=cm_sw_r_cp_ud_dp_MBMBWS3EYTFP8KMY8617_1&ref_=cm_sw_r_cp_ud_dp_MBMBWS3EYTFP8KMY8617_1&social_share=cm_sw_r_cp_ud_dp_MBMBWS3EYTFP8KMY8617_1
2025-07-30 21:01:19,249 - __main__ - INFO - Extracted ASIN from URL: B0CWQ6GL6W
2025-07-30 21:01:19,318 - __main__ - INFO - Product B0CWQ6GL6W: All critical fields validated
2025-07-30 21:01:19,319 - __main__ - INFO - ✅ Successfully scraped: B0CWQ6GL6W - Status: Scraped
2025-07-30 21:01:19,756 - __main__ - INFO - ✅ Record rec8dECoXnD1qO2GT updated with status: Scraped / Scraped
2025-07-30 21:01:27,750 - __main__ - INFO - 
--- Processing Record 49/57 (ID: recrwt4ecMnvURXtZ) ---
2025-07-30 21:01:27,750 - __main__ - INFO - 🚀 Starting scrape for: https://a.co/d/94YOVmS
2025-07-30 21:01:27,750 - __main__ - INFO - Resolving short URL: https://a.co/d/94YOVmS
2025-07-30 21:01:29,274 - __main__ - INFO - Resolved to: https://www.amazon.ca/dp/B00MJZ9UIM?ref=cm_sw_r_cp_ud_dp_3P5EDMJE26XPVYFNH6X7&ref_=cm_sw_r_cp_ud_dp_3P5EDMJE26XPVYFNH6X7&social_share=cm_sw_r_cp_ud_dp_3P5EDMJE26XPVYFNH6X7
2025-07-30 21:01:34,108 - __main__ - INFO - Successfully fetched: https://www.amazon.ca/dp/B00MJZ9UIM?ref=cm_sw_r_cp_ud_dp_3P5EDMJE26XPVYFNH6X7&ref_=cm_sw_r_cp_ud_dp_3P5EDMJE26XPVYFNH6X7&social_share=cm_sw_r_cp_ud_dp_3P5EDMJE26XPVYFNH6X7
2025-07-30 21:01:34,179 - __main__ - INFO - Extracted ASIN from URL: B00MJZ9UIM
2025-07-30 21:01:34,253 - __main__ - INFO - Product B00MJZ9UIM: All critical fields validated
2025-07-30 21:01:34,254 - __main__ - INFO - ✅ Successfully scraped: B00MJZ9UIM - Status: Scraped
2025-07-30 21:01:34,560 - __main__ - INFO - ✅ Record recrwt4ecMnvURXtZ updated with status: Scraped / Scraped
2025-07-30 21:01:38,904 - __main__ - INFO - 
--- Processing Record 50/57 (ID: recn6eRLek9NnC1aM) ---
2025-07-30 21:01:38,905 - __main__ - INFO - 🚀 Starting scrape for: https://a.co/d/iwkvqov
2025-07-30 21:01:38,905 - __main__ - INFO - Resolving short URL: https://a.co/d/iwkvqov
2025-07-30 21:01:40,892 - __main__ - INFO - Resolved to: https://www.amazon.ca/dp/B0B4YJ5G42?ref=cm_sw_r_cp_ud_dp_4Q4GXSYYNF0NM4YKKPC4&ref_=cm_sw_r_cp_ud_dp_4Q4GXSYYNF0NM4YKKPC4&social_share=cm_sw_r_cp_ud_dp_4Q4GXSYYNF0NM4YKKPC4
2025-07-30 21:01:47,145 - __main__ - INFO - Successfully fetched: https://www.amazon.ca/dp/B0B4YJ5G42?ref=cm_sw_r_cp_ud_dp_4Q4GXSYYNF0NM4YKKPC4&ref_=cm_sw_r_cp_ud_dp_4Q4GXSYYNF0NM4YKKPC4&social_share=cm_sw_r_cp_ud_dp_4Q4GXSYYNF0NM4YKKPC4
2025-07-30 21:01:47,230 - __main__ - INFO - Extracted ASIN from URL: B0B4YJ5G42
2025-07-30 21:01:47,326 - __main__ - INFO - Product B0B4YJ5G42: All critical fields validated
2025-07-30 21:01:47,327 - __main__ - INFO - ✅ Successfully scraped: B0B4YJ5G42 - Status: Scraped
2025-07-30 21:01:47,716 - __main__ - INFO - ✅ Record recn6eRLek9NnC1aM updated with status: Scraped / Scraped
2025-07-30 21:01:54,531 - __main__ - INFO - 
--- Processing Record 51/57 (ID: recOLNOav4RIQNJrL) ---
2025-07-30 21:01:54,532 - __main__ - INFO - 🚀 Starting scrape for: https://a.co/d/81ME6iS
2025-07-30 21:01:54,533 - __main__ - INFO - Resolving short URL: https://a.co/d/81ME6iS
2025-07-30 21:01:56,441 - __main__ - INFO - Resolved to: https://www.amazon.ca/dp/B0CTXST113?ref=cm_sw_r_cp_ud_dp_EF5W4F4CH1PD8XX8KV96&ref_=cm_sw_r_cp_ud_dp_EF5W4F4CH1PD8XX8KV96&social_share=cm_sw_r_cp_ud_dp_EF5W4F4CH1PD8XX8KV96
2025-07-30 21:02:00,929 - __main__ - INFO - Successfully fetched: https://www.amazon.ca/dp/B0CTXST113?ref=cm_sw_r_cp_ud_dp_EF5W4F4CH1PD8XX8KV96&ref_=cm_sw_r_cp_ud_dp_EF5W4F4CH1PD8XX8KV96&social_share=cm_sw_r_cp_ud_dp_EF5W4F4CH1PD8XX8KV96
2025-07-30 21:02:01,028 - __main__ - INFO - Extracted ASIN from URL: B0CTXST113
2025-07-30 21:02:01,120 - __main__ - INFO - Product B0CTXST113: All critical fields validated
2025-07-30 21:02:01,121 - __main__ - INFO - ✅ Successfully scraped: B0CTXST113 - Status: Scraped
2025-07-30 21:02:01,558 - __main__ - INFO - ✅ Record recOLNOav4RIQNJrL updated with status: Scraped / Scraped
2025-07-30 21:02:08,276 - __main__ - INFO - 
--- Processing Record 52/57 (ID: recWtLoTHpoEjdz06) ---
2025-07-30 21:02:08,276 - __main__ - INFO - 🚀 Starting scrape for: https://a.co/d/aftLpVf
2025-07-30 21:02:08,277 - __main__ - INFO - Resolving short URL: https://a.co/d/aftLpVf
2025-07-30 21:02:10,286 - __main__ - INFO - Resolved to: https://www.amazon.ca/dp/B07P5X1R16?ref=cm_sw_r_cp_ud_dp_S3NVMXD3SPYMKFC0V6QH&ref_=cm_sw_r_cp_ud_dp_S3NVMXD3SPYMKFC0V6QH&social_share=cm_sw_r_cp_ud_dp_S3NVMXD3SPYMKFC0V6QH
2025-07-30 21:02:16,558 - __main__ - INFO - Successfully fetched: https://www.amazon.ca/dp/B07P5X1R16?ref=cm_sw_r_cp_ud_dp_S3NVMXD3SPYMKFC0V6QH&ref_=cm_sw_r_cp_ud_dp_S3NVMXD3SPYMKFC0V6QH&social_share=cm_sw_r_cp_ud_dp_S3NVMXD3SPYMKFC0V6QH
2025-07-30 21:02:16,638 - __main__ - INFO - Extracted ASIN from URL: B07P5X1R16
2025-07-30 21:02:16,700 - __main__ - INFO - Product B07P5X1R16: All critical fields validated
2025-07-30 21:02:16,701 - __main__ - INFO - ✅ Successfully scraped: B07P5X1R16 - Status: Scraped
2025-07-30 21:02:17,116 - __main__ - INFO - ✅ Record recWtLoTHpoEjdz06 updated with status: Scraped / Scraped
2025-07-30 21:02:23,352 - __main__ - INFO - 
--- Processing Record 53/57 (ID: recS14o5Uki5UVRjc) ---
2025-07-30 21:02:23,353 - __main__ - INFO - 🚀 Starting scrape for: https://www.walmart.ca/en/ip/Hallmark-Christmas-Ornament-Marvel-Spider-Man-Shatterproof/6000206829122
2025-07-30 21:02:23,882 - __main__ - INFO - ✅ Record recS14o5Uki5UVRjc updated with status: Needs Attention / Failed (Not a valid Amazon URL)
2025-07-30 21:02:31,124 - __main__ - INFO - 
--- Processing Record 54/57 (ID: recdIAyX4FqfcuCcP) ---
2025-07-30 21:02:31,125 - __main__ - INFO - 🚀 Starting scrape for: https://a.co/d/hbAgQAe
2025-07-30 21:02:31,125 - __main__ - INFO - Resolving short URL: https://a.co/d/hbAgQAe
2025-07-30 21:02:32,894 - __main__ - INFO - Resolved to: https://www.amazon.ca/dp/B07G7Y8W37?ref=cm_sw_r_cp_ud_dp_ZY2P1WSQPTGEVKCRKWTA_1&ref_=cm_sw_r_cp_ud_dp_ZY2P1WSQPTGEVKCRKWTA_1&social_share=cm_sw_r_cp_ud_dp_ZY2P1WSQPTGEVKCRKWTA_1
2025-07-30 21:02:36,347 - __main__ - INFO - Successfully fetched: https://www.amazon.ca/dp/B07G7Y8W37?ref=cm_sw_r_cp_ud_dp_ZY2P1WSQPTGEVKCRKWTA_1&ref_=cm_sw_r_cp_ud_dp_ZY2P1WSQPTGEVKCRKWTA_1&social_share=cm_sw_r_cp_ud_dp_ZY2P1WSQPTGEVKCRKWTA_1
2025-07-30 21:02:36,413 - __main__ - INFO - Extracted ASIN from URL: B07G7Y8W37
2025-07-30 21:02:36,490 - __main__ - INFO - Product B07G7Y8W37: All critical fields validated
2025-07-30 21:02:36,490 - __main__ - INFO - ✅ Successfully scraped: B07G7Y8W37 - Status: Scraped
2025-07-30 21:02:37,605 - __main__ - INFO - ✅ Record recdIAyX4FqfcuCcP updated with status: Scraped / Scraped
2025-07-30 21:02:43,398 - __main__ - INFO - 
--- Processing Record 55/57 (ID: recMDUaG5eGuUoT5l) ---
2025-07-30 21:02:43,399 - __main__ - INFO - 🚀 Starting scrape for: https://a.co/d/c4k8Lxf
2025-07-30 21:02:43,399 - __main__ - INFO - Resolving short URL: https://a.co/d/c4k8Lxf
2025-07-30 21:02:45,094 - __main__ - INFO - Resolved to: https://www.amazon.ca/dp/B085HDY65V?ref=cm_sw_r_cp_ud_dp_YCX7FZMPRH9T7JNZ9CZW&ref_=cm_sw_r_cp_ud_dp_YCX7FZMPRH9T7JNZ9CZW&social_share=cm_sw_r_cp_ud_dp_YCX7FZMPRH9T7JNZ9CZW
2025-07-30 21:02:49,577 - __main__ - INFO - Successfully fetched: https://www.amazon.ca/dp/B085HDY65V?ref=cm_sw_r_cp_ud_dp_YCX7FZMPRH9T7JNZ9CZW&ref_=cm_sw_r_cp_ud_dp_YCX7FZMPRH9T7JNZ9CZW&social_share=cm_sw_r_cp_ud_dp_YCX7FZMPRH9T7JNZ9CZW
2025-07-30 21:02:49,636 - __main__ - INFO - Extracted ASIN from URL: B085HDY65V
2025-07-30 21:02:49,698 - __main__ - INFO - Product B085HDY65V: All critical fields validated
2025-07-30 21:02:49,698 - __main__ - INFO - ✅ Successfully scraped: B085HDY65V - Status: Scraped
2025-07-30 21:02:50,097 - __main__ - INFO - ✅ Record recMDUaG5eGuUoT5l updated with status: Scraped / Scraped
2025-07-30 21:02:55,973 - __main__ - INFO - 
--- Processing Record 56/57 (ID: recrsY7bskKc563o9) ---
2025-07-30 21:02:55,974 - __main__ - INFO - 🚀 Starting scrape for: https://www.walmart.ca/en/ip/Downy-Infusions-Mega-Dryer-Sheets-Laundry-Fabric-Softener-BLISS-Amber-and-Rose-130-Count/3WVJ8AERUQQU?selectedSellerId=8021370F995D4675BCCBDF992EF69E8D&gQT=2
2025-07-30 21:02:56,278 - __main__ - INFO - ✅ Record recrsY7bskKc563o9 updated with status: Needs Attention / Failed (Not a valid Amazon URL)
2025-07-30 21:03:02,694 - __main__ - INFO - 
--- Processing Record 57/57 (ID: rec8HFIrcnKTYJiwT) ---
2025-07-30 21:03:02,694 - __main__ - INFO - 🚀 Starting scrape for: https://www.target.com/p/u-brands-4ct-vegan-leather-cord-straps-comfort-nostalgia/-/A-93731458
2025-07-30 21:03:03,078 - __main__ - INFO - ✅ Record rec8HFIrcnKTYJiwT updated with status: Needs Attention / Failed (Not a valid Amazon URL)
2025-07-30 21:03:03,078 - __main__ - INFO - 
=== ✨ Scraping Statistics ✨ ===
2025-07-30 21:03:03,079 - __main__ - INFO - 📊 Total Requests: 43
2025-07-30 21:03:03,079 - __main__ - INFO - 📊 Successful Scrapes: 43
2025-07-30 21:03:03,080 - __main__ - INFO - 📊 Failed Scrapes: 0
2025-07-30 21:03:03,080 - __main__ - INFO - 📊 Blocked Requests: 0
2025-07-30 21:03:03,081 - __main__ - INFO - 📊 Retry Attempts: 0
2025-07-30 21:03:03,081 - __main__ - INFO - 📊 Skipped Records: 3
2025-07-30 21:03:03,081 - __main__ - INFO - 📊 Success Rate: 100.0
2025-07-30 21:03:03,081 - __main__ - INFO - === ✅ Processing complete. ===

2025-07-30 21:03:03,835 - __main__ - INFO - ✓ .env file loaded successfully
2025-07-30 21:03:04,097 - __main__ - INFO - ✓ pyairtable library loaded successfully
2025-07-30 21:03:04,099 - __main__ - INFO - === 🚀 Enhanced Amazon Scraper for Airtable Starting ===
2025-07-30 21:03:04,100 - __main__ - INFO - ✅ Connected to Airtable base 'appI0EDHQVVZCxVZ9', table 'Items-Bid4more'
2025-07-30 21:03:04,100 - __main__ - INFO - Fetching records with formula: AND({Status}='Entered', OR({Scraping Status}='', {Scraping Status}='Skipped'))
2025-07-30 21:03:04,687 - __main__ - INFO - Found 1 records to process.
2025-07-30 21:03:04,688 - __main__ - INFO - Enhanced scraper initialized with 3 workers.
2025-07-30 21:03:04,688 - __main__ - INFO - 
--- Processing Record 1/1 (ID: rec1ijWseXkCjWlbt) ---
2025-07-30 21:03:04,689 - __main__ - INFO - 🚀 Starting scrape for: https://a.co/d/9Ft7dwj
2025-07-30 21:03:04,689 - __main__ - INFO - Resolving short URL: https://a.co/d/9Ft7dwj
2025-07-30 21:03:06,971 - __main__ - INFO - Resolved to: https://www.amazon.ca/dp/B0DNGRLFW2?ref=cm_sw_r_cp_ud_dp_DCVFWA3N23ZD4EYT4TTX&ref_=cm_sw_r_cp_ud_dp_DCVFWA3N23ZD4EYT4TTX&social_share=cm_sw_r_cp_ud_dp_DCVFWA3N23ZD4EYT4TTX
2025-07-30 21:03:12,455 - __main__ - INFO - Successfully fetched: https://www.amazon.ca/dp/B0DNGRLFW2?ref=cm_sw_r_cp_ud_dp_DCVFWA3N23ZD4EYT4TTX&ref_=cm_sw_r_cp_ud_dp_DCVFWA3N23ZD4EYT4TTX&social_share=cm_sw_r_cp_ud_dp_DCVFWA3N23ZD4EYT4TTX
2025-07-30 21:03:12,596 - __main__ - INFO - Extracted ASIN from URL: B0DNGRLFW2
2025-07-30 21:03:12,703 - __main__ - INFO - Product B0DNGRLFW2: All critical fields validated
2025-07-30 21:03:12,703 - __main__ - INFO - ✅ Successfully scraped: B0DNGRLFW2 - Status: Scraped
2025-07-30 21:03:13,146 - __main__ - INFO - ✅ Record rec1ijWseXkCjWlbt updated with status: Scraped / Scraped
2025-07-30 21:03:13,147 - __main__ - INFO - 
=== ✨ Scraping Statistics ✨ ===
2025-07-30 21:03:13,147 - __main__ - INFO - 📊 Total Requests: 1
2025-07-30 21:03:13,148 - __main__ - INFO - 📊 Successful Scrapes: 1
2025-07-30 21:03:13,148 - __main__ - INFO - 📊 Failed Scrapes: 0
2025-07-30 21:03:13,149 - __main__ - INFO - 📊 Blocked Requests: 0
2025-07-30 21:03:13,149 - __main__ - INFO - 📊 Retry Attempts: 0
2025-07-30 21:03:13,150 - __main__ - INFO - 📊 Skipped Records: 0
2025-07-30 21:03:13,150 - __main__ - INFO - 📊 Success Rate: 100.0
2025-07-30 21:03:13,151 - __main__ - INFO - === ✅ Processing complete. ===

